#
# A fatal error has been detected by the Java Runtime Environment:
#
#  EXCEPTION_ACCESS_VIOLATION (0xc0000005) at pc=0x000000006a43226b, pid=6900, tid=1232
#
# JRE version: Java(TM) SE Runtime Environment (7.0_40-b43) (build 1.7.0_40-b43)
# Java VM: Java HotSpot(TM) 64-Bit Server VM (24.0-b56 mixed mode windows-amd64 compressed oops)
# Problematic frame:
# V  [jvm.dll+0x14226b]
#
# Failed to write core dump. Minidumps are not enabled by default on client versions of Windows
#
# If you would like to submit a bug report, please visit:
#   http://bugreport.sun.com/bugreport/crash.jsp
#

---------------  T H R E A D  ---------------

Current thread (0x000000000928b000):  JavaThread "JDWP Transport Listener: dt_socket" daemon [_thread_in_vm, id=1232, stack(0x000000000a800000,0x000000000a900000)]

siginfo: ExceptionCode=0xc0000005, reading address 0x0000002a00003b33

Registers:
RAX=0x000000000a8ff401, RBX=0x000000000928b000, RCX=0x0000002a00003b33, RDX=0x0000000000000000
RSP=0x000000000a8ff440, RBP=0x0000002a00003b33, RSI=0x000000000a8ff558, RDI=0x0000000002b398f0
R8 =0x000000000928b000, R9 =0x0000000000008000, R10=0x0000000000000000, R11=0x000000000cc764b8
R12=0x0000000000000000, R13=0x00000000092841b8, R14=0x0000000000000000, R15=0x0000000000000000
RIP=0x000000006a43226b, EFLAGS=0x0000000000010206

Top of Stack: (sp=0x000000000a8ff440)
0x000000000a8ff440:   000000000928b000 000000000c9d8090
0x000000000a8ff450:   000000000a8ff508 000000006a5d0f29
0x000000000a8ff460:   000000000928b000 000000006a5eead2
0x000000000a8ff470:   0000000000000000 000000006a148e89
0x000000000a8ff480:   000000001571f800 000000006a15265a
0x000000000a8ff490:   000000000928b000 0000000000000000
0x000000000a8ff4a0:   0000000000000000 0000000000000000
0x000000000a8ff4b0:   0000002a00003b33 000000006a151751
0x000000000a8ff4c0:   000000000a8ff558 000000000a8ff530
0x000000000a8ff4d0:   0000000000000001 000000001571f800
0x000000000a8ff4e0:   0000002a00003b33 000000006a1353b3
0x000000000a8ff4f0:   000000000a8ff620 0000000000000001
0x000000000a8ff500:   0000000000000001 000000001571f800
0x000000000a8ff510:   000000000000000a 0000000000000000
0x000000000a8ff520:   0000000000000000 0000000000000000
0x000000000a8ff530:   0000000000000001 000000006a135571 

Instructions: (pc=0x000000006a43226b)
0x000000006a43224b:   48 8b 5c 24 30 48 89 47 18 48 83 c4 20 5f c3 cc
0x000000006a43225b:   cc cc cc cc cc 40 53 48 83 ec 20 48 85 c9 74 54
0x000000006a43226b:   48 8b 19 48 85 db 74 4c 48 b8 fe fe fe fe fe fe
0x000000006a43227b:   fe fe 48 3b d8 74 3d 80 3d af 89 60 00 00 74 15 


Register to memory mapping:

RAX=0x000000000a8ff401 is pointing into the stack for thread: 0x000000000928b000
RBX=0x000000000928b000 is a thread
RCX=0x0000002a00003b33 is an unknown value
RDX=0x0000000000000000 is an unknown value
RSP=0x000000000a8ff440 is pointing into the stack for thread: 0x000000000928b000
RBP=0x0000002a00003b33 is an unknown value
RSI=0x000000000a8ff558 is pointing into the stack for thread: 0x000000000928b000
RDI=0x0000000002b398f0 is an unknown value
R8 =0x000000000928b000 is a thread
R9 =0x0000000000008000 is an unknown value
R10=0x0000000000000000 is an unknown value
R11=0x000000000cc764b8 is an unknown value
R12=0x0000000000000000 is an unknown value
R13=0x00000000092841b8 is an unknown value
R14=0x0000000000000000 is an unknown value
R15=0x0000000000000000 is an unknown value


Stack: [0x000000000a800000,0x000000000a900000],  sp=0x000000000a8ff440,  free space=1021k
Native frames: (J=compiled Java code, j=interpreted, Vv=VM code, C=native code)
V  [jvm.dll+0x14226b]


---------------  P R O C E S S  ---------------

Java Threads: ( => current thread )
  0x0000000010f0e800 JavaThread "play-akka.actor.default-dispatcher-82" [_thread_blocked, id=5432, stack(0x000000001a080000,0x000000001a180000)]
  0x0000000010f11000 JavaThread "play-akka.actor.default-dispatcher-81" [_thread_blocked, id=5784, stack(0x0000000019f80000,0x000000001a080000)]
  0x0000000010f11800 JavaThread "play-akka.actor.default-dispatcher-80" [_thread_blocked, id=6724, stack(0x0000000019e80000,0x0000000019f80000)]
  0x0000000010f0f800 JavaThread "play-akka.actor.default-dispatcher-79" [_thread_blocked, id=5980, stack(0x0000000019d80000,0x0000000019e80000)]
  0x0000000010f0d000 JavaThread "play-akka.actor.default-dispatcher-78" [_thread_blocked, id=2648, stack(0x0000000017580000,0x0000000017680000)]
  0x0000000010f0c800 JavaThread "play-internal-execution-context-38" daemon [_thread_blocked, id=3032, stack(0x0000000017480000,0x0000000017580000)]
  0x0000000010f0a000 JavaThread "play-akka.actor.default-dispatcher-77" [_thread_blocked, id=6324, stack(0x0000000013580000,0x0000000013680000)]
  0x0000000010f09800 JavaThread "play-akka.actor.default-dispatcher-76" [_thread_blocked, id=4792, stack(0x000000000d1b0000,0x000000000d2b0000)]
  0x0000000010f0b000 JavaThread "play-akka.actor.default-dispatcher-70" [_thread_blocked, id=5656, stack(0x0000000019c80000,0x0000000019d80000)]
  0x000000000e8b1800 JavaThread "Ebean-default.18" daemon [_thread_blocked, id=4520, stack(0x0000000019b80000,0x0000000019c80000)]
  0x000000000e8b4800 JavaThread "Ebean-default.17" daemon [_thread_blocked, id=2920, stack(0x0000000019a80000,0x0000000019b80000)]
  0x000000000e8b2000 JavaThread "Ebean-default.16" daemon [_thread_blocked, id=2804, stack(0x0000000019980000,0x0000000019a80000)]
  0x000000000e8b3800 JavaThread "Ebean-default.15" daemon [_thread_blocked, id=6380, stack(0x0000000019880000,0x0000000019980000)]
  0x000000000e8b3000 JavaThread "Ebean-default.14" daemon [_thread_blocked, id=1936, stack(0x0000000019780000,0x0000000019880000)]
  0x000000000e8b0800 JavaThread "Ebean-default.13" daemon [_thread_blocked, id=1856, stack(0x0000000019680000,0x0000000019780000)]
  0x000000000f542000 JavaThread "Ebean-default.12" daemon [_thread_blocked, id=3216, stack(0x0000000019580000,0x0000000019680000)]
  0x000000000f541000 JavaThread "Ebean-default.11" daemon [_thread_blocked, id=964, stack(0x0000000019480000,0x0000000019580000)]
  0x000000000f53f000 JavaThread "Ebean-default.10" daemon [_thread_blocked, id=6160, stack(0x0000000019380000,0x0000000019480000)]
  0x000000000f53d800 JavaThread "Ebean-default.9" daemon [_thread_blocked, id=888, stack(0x0000000019280000,0x0000000019380000)]
  0x000000000f53f800 JavaThread "Ebean-default.8" daemon [_thread_blocked, id=4144, stack(0x0000000019180000,0x0000000019280000)]
  0x000000000f540800 JavaThread "Ebean-default.7" daemon [_thread_blocked, id=2252, stack(0x0000000019080000,0x0000000019180000)]
  0x000000000f53c000 JavaThread "Ebean-default.6" daemon [_thread_blocked, id=1184, stack(0x0000000018f80000,0x0000000019080000)]
  0x000000000f53e000 JavaThread "Ebean-default.5" daemon [_thread_blocked, id=3648, stack(0x0000000018e80000,0x0000000018f80000)]
  0x000000000f53c800 JavaThread "Ebean-default.4" daemon [_thread_blocked, id=2164, stack(0x0000000018d80000,0x0000000018e80000)]
  0x000000000f53b000 JavaThread "Ebean-default.3" daemon [_thread_blocked, id=5012, stack(0x0000000018c80000,0x0000000018d80000)]
  0x000000000f1a2800 JavaThread "Ebean-default.2" daemon [_thread_blocked, id=3160, stack(0x0000000018b80000,0x0000000018c80000)]
  0x0000000016972000 JavaThread "Ebean-default.1" daemon [_thread_blocked, id=4704, stack(0x0000000018080000,0x0000000018180000)]
  0x000000001696d800 JavaThread "Ebean-default.0" daemon [_thread_blocked, id=5940, stack(0x0000000017780000,0x0000000017880000)]
  0x0000000016969800 JavaThread "net.sf.ehcache.CacheManager@74222f09" daemon [_thread_blocked, id=7132, stack(0x000000000deb0000,0x000000000dfb0000)]
  0x0000000016968000 JavaThread "BoneCP-pool-watch-thread" daemon [_thread_blocked, id=6952, stack(0x000000000d0b0000,0x000000000d1b0000)]
  0x000000001696a800 JavaThread "BoneCP-max-alive-scheduler" daemon [_thread_blocked, id=7076, stack(0x000000000cfb0000,0x000000000d0b0000)]
  0x0000000016967800 JavaThread "BoneCP-keep-alive-scheduler" daemon [_thread_blocked, id=6168, stack(0x000000000ceb0000,0x000000000cfb0000)]
  0x000000000f1a5000 JavaThread "Ebean-default.19" daemon [_thread_blocked, id=2788, stack(0x0000000018a80000,0x0000000018b80000)]
  0x000000000fc56800 JavaThread "Ebean-default.18" daemon [_thread_blocked, id=6396, stack(0x0000000018980000,0x0000000018a80000)]
  0x000000000fc52800 JavaThread "Ebean-default.17" daemon [_thread_blocked, id=6448, stack(0x0000000018880000,0x0000000018980000)]
  0x000000000fc55800 JavaThread "Ebean-default.16" daemon [_thread_blocked, id=4436, stack(0x0000000018780000,0x0000000018880000)]
  0x000000000fc55000 JavaThread "Ebean-default.15" daemon [_thread_blocked, id=3064, stack(0x0000000018680000,0x0000000018780000)]
  0x000000000fc51000 JavaThread "Ebean-default.14" daemon [_thread_blocked, id=1540, stack(0x0000000018580000,0x0000000018680000)]
  0x000000000fc52000 JavaThread "Ebean-default.13" daemon [_thread_blocked, id=5320, stack(0x0000000018480000,0x0000000018580000)]
  0x000000000fc54000 JavaThread "Ebean-default.12" daemon [_thread_blocked, id=4536, stack(0x0000000018380000,0x0000000018480000)]
  0x000000000fc50800 JavaThread "Ebean-default.11" daemon [_thread_blocked, id=5896, stack(0x0000000018280000,0x0000000018380000)]
  0x0000000016975000 JavaThread "Ebean-default.10" daemon [_thread_blocked, id=2132, stack(0x0000000018180000,0x0000000018280000)]
  0x0000000016974000 JavaThread "Ebean-default.9" daemon [_thread_blocked, id=948, stack(0x0000000017f80000,0x0000000018080000)]
  0x0000000016975800 JavaThread "Ebean-default.8" daemon [_thread_blocked, id=5228, stack(0x0000000017e80000,0x0000000017f80000)]
  0x0000000016973800 JavaThread "Ebean-default.7" daemon [_thread_blocked, id=4692, stack(0x0000000017d80000,0x0000000017e80000)]
  0x0000000016976800 JavaThread "Ebean-default.6" daemon [_thread_blocked, id=6792, stack(0x0000000017c80000,0x0000000017d80000)]
  0x0000000016972800 JavaThread "Ebean-default.5" daemon [_thread_blocked, id=6720, stack(0x0000000017b80000,0x0000000017c80000)]
  0x000000001696e000 JavaThread "Ebean-default.4" daemon [_thread_blocked, id=4468, stack(0x0000000017a80000,0x0000000017b80000)]
  0x0000000016971000 JavaThread "Ebean-default.3" daemon [_thread_blocked, id=5848, stack(0x0000000017980000,0x0000000017a80000)]
  0x0000000016970800 JavaThread "Ebean-default.2" daemon [_thread_blocked, id=6184, stack(0x0000000017880000,0x0000000017980000)]
  0x000000001696c800 JavaThread "Ebean-default.1" daemon [_thread_blocked, id=6452, stack(0x0000000017680000,0x0000000017780000)]
  0x000000001696f000 JavaThread "Ebean-default.0" daemon [_thread_blocked, id=2308, stack(0x0000000012480000,0x0000000012580000)]
  0x000000000f1a3800 JavaThread "Ebean-default.11" daemon [_thread_blocked, id=6288, stack(0x0000000015380000,0x0000000015480000)]
  0x000000000f1a4000 JavaThread "Ebean-default.10" daemon [_thread_blocked, id=7100, stack(0x0000000015280000,0x0000000015380000)]
  0x000000000f19f000 JavaThread "Ebean-default.9" daemon [_thread_blocked, id=6016, stack(0x0000000015180000,0x0000000015280000)]
  0x000000000f1a1000 JavaThread "Ebean-default.8" daemon [_thread_blocked, id=7068, stack(0x0000000015080000,0x0000000015180000)]
  0x000000000f1a2000 JavaThread "Ebean-default.7" daemon [_thread_blocked, id=5392, stack(0x0000000014f80000,0x0000000015080000)]
  0x000000000f19f800 JavaThread "Ebean-default.6" daemon [_thread_blocked, id=4112, stack(0x0000000014e80000,0x0000000014f80000)]
  0x000000000f1a0800 JavaThread "Ebean-default.5" daemon [_thread_blocked, id=6544, stack(0x0000000014d80000,0x0000000014e80000)]
  0x000000000f1ea000 JavaThread "Ebean-default.4" daemon [_thread_blocked, id=2848, stack(0x0000000014c80000,0x0000000014d80000)]
  0x000000000e6a7800 JavaThread "Ebean-default.3" daemon [_thread_blocked, id=3920, stack(0x0000000014b80000,0x0000000014c80000)]
  0x000000000e6a6800 JavaThread "Ebean-default.2" daemon [_thread_blocked, id=4484, stack(0x0000000014a80000,0x0000000014b80000)]
  0x000000000e6a3800 JavaThread "Ebean-default.1" daemon [_thread_blocked, id=5472, stack(0x0000000014980000,0x0000000014a80000)]
  0x000000000e6a6000 JavaThread "Ebean-default.0" daemon [_thread_blocked, id=5568, stack(0x0000000013680000,0x0000000013780000)]
  0x000000000f1e5800 JavaThread "Ebean-default.19" daemon [_thread_blocked, id=6728, stack(0x0000000014880000,0x0000000014980000)]
  0x000000000f1e8800 JavaThread "Ebean-default.18" daemon [_thread_blocked, id=4196, stack(0x0000000014780000,0x0000000014880000)]
  0x000000000f1e5000 JavaThread "Ebean-default.17" daemon [_thread_blocked, id=6928, stack(0x0000000014680000,0x0000000014780000)]
  0x000000000f1e7000 JavaThread "Ebean-default.16" daemon [_thread_blocked, id=5384, stack(0x0000000014580000,0x0000000014680000)]
  0x000000000f1e8000 JavaThread "Ebean-default.15" daemon [_thread_blocked, id=7124, stack(0x0000000014480000,0x0000000014580000)]
  0x000000000f1e4000 JavaThread "Ebean-default.14" daemon [_thread_blocked, id=4960, stack(0x0000000014380000,0x0000000014480000)]
  0x000000000f1e6800 JavaThread "Ebean-default.13" daemon [_thread_blocked, id=2100, stack(0x0000000014280000,0x0000000014380000)]
  0x000000000fc5f800 JavaThread "Ebean-default.12" daemon [_thread_blocked, id=6348, stack(0x0000000014180000,0x0000000014280000)]
  0x000000000fc5b800 JavaThread "Ebean-default.11" daemon [_thread_blocked, id=6904, stack(0x0000000014080000,0x0000000014180000)]
  0x000000000fc5e800 JavaThread "Ebean-default.10" daemon [_thread_blocked, id=4128, stack(0x0000000013f80000,0x0000000014080000)]
  0x000000000fc5d000 JavaThread "Ebean-default.9" daemon [_thread_blocked, id=1852, stack(0x0000000013e80000,0x0000000013f80000)]
  0x000000000fc5b000 JavaThread "Ebean-default.8" daemon [_thread_blocked, id=7036, stack(0x0000000013d80000,0x0000000013e80000)]
  0x000000000fc5e000 JavaThread "Ebean-default.7" daemon [_thread_blocked, id=6352, stack(0x0000000013c80000,0x0000000013d80000)]
  0x000000000fc5c800 JavaThread "Ebean-default.6" daemon [_thread_blocked, id=6276, stack(0x0000000013b80000,0x0000000013c80000)]
  0x000000000fc57000 JavaThread "Ebean-default.5" daemon [_thread_blocked, id=7140, stack(0x0000000013a80000,0x0000000013b80000)]
  0x000000000fc5a000 JavaThread "Ebean-default.4" daemon [_thread_blocked, id=4184, stack(0x0000000013980000,0x0000000013a80000)]
  0x000000000fc59800 JavaThread "Ebean-default.3" daemon [_thread_blocked, id=6572, stack(0x0000000013880000,0x0000000013980000)]
  0x000000000fc58800 JavaThread "Ebean-default.2" daemon [_thread_blocked, id=5976, stack(0x0000000013780000,0x0000000013880000)]
  0x000000000fc58000 JavaThread "Ebean-default.1" daemon [_thread_blocked, id=3492, stack(0x0000000013480000,0x0000000013580000)]
  0x000000000fc53800 JavaThread "Ebean-default.0" daemon [_thread_blocked, id=392, stack(0x0000000012a80000,0x0000000012b80000)]
  0x000000000e6a4800 JavaThread "Ebean-default.14" daemon [_thread_blocked, id=6776, stack(0x0000000013380000,0x0000000013480000)]
  0x000000000e6a5000 JavaThread "Ebean-default.13" daemon [_thread_blocked, id=1976, stack(0x0000000013280000,0x0000000013380000)]
  0x000000000e6a3000 JavaThread "Ebean-default.12" daemon [_thread_blocked, id=5840, stack(0x0000000013180000,0x0000000013280000)]
  0x000000000e6a2000 JavaThread "Ebean-default.11" daemon [_thread_blocked, id=1732, stack(0x0000000013080000,0x0000000013180000)]
  0x000000000e6a0800 JavaThread "Ebean-default.10" daemon [_thread_blocked, id=4492, stack(0x0000000012f80000,0x0000000013080000)]
  0x000000000e6a1800 JavaThread "Ebean-default.9" daemon [_thread_blocked, id=6772, stack(0x0000000012e80000,0x0000000012f80000)]
  0x000000000c7e3000 JavaThread "Ebean-default.8" daemon [_thread_blocked, id=2408, stack(0x0000000012d80000,0x0000000012e80000)]
  0x000000000c7e6000 JavaThread "Ebean-default.7" daemon [_thread_blocked, id=748, stack(0x0000000012b80000,0x0000000012c80000)]
  0x000000000c3f6000 JavaThread "Ebean-default.6" daemon [_thread_blocked, id=5348, stack(0x0000000012980000,0x0000000012a80000)]
  0x000000000c3f4800 JavaThread "Ebean-default.5" daemon [_thread_blocked, id=3016, stack(0x0000000012880000,0x0000000012980000)]
  0x000000000c3f1000 JavaThread "Ebean-default.4" daemon [_thread_blocked, id=5360, stack(0x0000000012780000,0x0000000012880000)]
  0x000000000c3f4000 JavaThread "Ebean-default.3" daemon [_thread_blocked, id=1040, stack(0x0000000012680000,0x0000000012780000)]
  0x000000000c3f3000 JavaThread "Ebean-default.2" daemon [_thread_blocked, id=6584, stack(0x0000000012580000,0x0000000012680000)]
  0x000000000c3f0000 JavaThread "Ebean-default.1" daemon [_thread_blocked, id=5376, stack(0x0000000010450000,0x0000000010550000)]
  0x000000000f1e9800 JavaThread "Ebean-default.0" daemon [_thread_blocked, id=2472, stack(0x0000000010350000,0x0000000010450000)]
  0x000000000f1eb000 JavaThread "Ebean-default.14" daemon [_thread_blocked, id=5200, stack(0x0000000012c80000,0x0000000012d80000)]
  0x000000000c7e7800 JavaThread "Ebean-default.13" daemon [_thread_blocked, id=524, stack(0x0000000012380000,0x0000000012480000)]
  0x000000000c7e8800 JavaThread "Ebean-default.12" daemon [_thread_blocked, id=4364, stack(0x0000000012280000,0x0000000012380000)]
  0x000000000c7e7000 JavaThread "Ebean-default.11" daemon [_thread_blocked, id=4036, stack(0x0000000012180000,0x0000000012280000)]
  0x000000000c7e9000 JavaThread "Ebean-default.10" daemon [_thread_blocked, id=5088, stack(0x0000000012080000,0x0000000012180000)]
  0x000000000c3fd800 JavaThread "Ebean-default.9" daemon [_thread_blocked, id=5952, stack(0x0000000011f80000,0x0000000012080000)]
  0x000000000c3fc000 JavaThread "Ebean-default.8" daemon [_thread_blocked, id=4168, stack(0x0000000011e80000,0x0000000011f80000)]
  0x000000000c3ff000 JavaThread "Ebean-default.7" daemon [_thread_blocked, id=6960, stack(0x0000000011d80000,0x0000000011e80000)]
  0x000000000c3fe800 JavaThread "Ebean-default.6" daemon [_thread_blocked, id=5408, stack(0x0000000011c80000,0x0000000011d80000)]
  0x000000000c3fa000 JavaThread "Ebean-default.5" daemon [_thread_blocked, id=2208, stack(0x0000000011b80000,0x0000000011c80000)]
  0x000000000c3fb800 JavaThread "Ebean-default.4" daemon [_thread_blocked, id=4204, stack(0x0000000011a80000,0x0000000011b80000)]
  0x000000000c3f5800 JavaThread "Ebean-default.3" daemon [_thread_blocked, id=2076, stack(0x0000000010650000,0x0000000010750000)]
  0x000000000e913000 JavaThread "JDWP Command Reader" daemon [_thread_in_native, id=5116, stack(0x0000000010250000,0x0000000010350000)]
  0x000000000c3fd000 JavaThread "Ebean-default.2" daemon [_thread_blocked, id=2536, stack(0x0000000011980000,0x0000000011a80000)]
  0x000000000c3f8800 JavaThread "Ebean-default.1" daemon [_thread_blocked, id=5788, stack(0x0000000011880000,0x0000000011980000)]
  0x000000000c3f9000 JavaThread "Ebean-default.0" daemon [_thread_blocked, id=5316, stack(0x0000000010750000,0x0000000010850000)]
  0x000000000c3fa800 JavaThread "Timer-0" [_thread_blocked, id=2316, stack(0x0000000010550000,0x0000000010650000)]
  0x000000000c3f7800 JavaThread "play-scheduler-1" [_thread_blocked, id=6068, stack(0x0000000010150000,0x0000000010250000)]
  0x000000000c3f1800 JavaThread "Scala Presentation Compiler []" daemon [_thread_blocked, id=1288, stack(0x000000000f080000,0x000000000f180000)]
  0x000000000c7e2800 JavaThread "Thread-2" daemon [_thread_in_native, id=2916, stack(0x000000000d3b0000,0x000000000d4b0000)]
  0x000000000c7e4000 JavaThread "New I/O server boss #9" [_thread_in_native, id=2944, stack(0x000000000ddb0000,0x000000000deb0000)]
  0x000000000c7e5800 JavaThread "New I/O worker #8" [_thread_in_native, id=5296, stack(0x000000000dcb0000,0x000000000ddb0000)]
  0x000000000c7e4800 JavaThread "New I/O worker #7" [_thread_in_native, id=1160, stack(0x000000000dbb0000,0x000000000dcb0000)]
  0x000000000c74c000 JavaThread "New I/O worker #6" [_thread_in_native, id=5652, stack(0x000000000dab0000,0x000000000dbb0000)]
  0x000000000c74a800 JavaThread "New I/O worker #5" [_thread_in_native, id=5524, stack(0x000000000d9b0000,0x000000000dab0000)]
  0x000000000c5b6800 JavaThread "New I/O worker #4" [_thread_in_native, id=1488, stack(0x000000000d8b0000,0x000000000d9b0000)]
  0x000000000c721000 JavaThread "New I/O worker #3" [_thread_in_native, id=6808, stack(0x000000000d7b0000,0x000000000d8b0000)]
  0x000000000c714800 JavaThread "New I/O worker #2" [_thread_in_native, id=3928, stack(0x000000000d6b0000,0x000000000d7b0000)]
  0x000000000c717000 JavaThread "New I/O worker #1" [_thread_in_native, id=6844, stack(0x000000000d5b0000,0x000000000d6b0000)]
  0x000000000ae3d800 JavaThread "pool-4-thread-1" [_thread_in_native, id=2336, stack(0x000000000cdb0000,0x000000000ceb0000)]
  0x00000000092b7800 JavaThread "Service Thread" daemon [_thread_blocked, id=6188, stack(0x000000000ac00000,0x000000000ad00000)]
  0x00000000092ac000 JavaThread "C2 CompilerThread1" daemon [_thread_blocked, id=4404, stack(0x000000000ab00000,0x000000000ac00000)]
  0x00000000092a6800 JavaThread "C2 CompilerThread0" daemon [_thread_blocked, id=5252, stack(0x000000000aa00000,0x000000000ab00000)]
  0x000000000929a000 JavaThread "JDWP Event Helper Thread" daemon [_thread_blocked, id=6588, stack(0x000000000a900000,0x000000000aa00000)]
=>0x000000000928b000 JavaThread "JDWP Transport Listener: dt_socket" daemon [_thread_in_vm, id=1232, stack(0x000000000a800000,0x000000000a900000)]
  0x0000000009285000 JavaThread "Attach Listener" daemon [_thread_blocked, id=1608, stack(0x000000000a700000,0x000000000a800000)]
  0x0000000009282000 JavaThread "Signal Dispatcher" daemon [_thread_blocked, id=6936, stack(0x000000000a600000,0x000000000a700000)]
  0x0000000009250000 JavaThread "Finalizer" daemon [_thread_blocked, id=6112, stack(0x000000000a500000,0x000000000a600000)]
  0x0000000009245000 JavaThread "Reference Handler" daemon [_thread_blocked, id=2860, stack(0x000000000a400000,0x000000000a500000)]
  0x0000000002b3e000 JavaThread "main" [_thread_blocked, id=5620, stack(0x0000000002b40000,0x0000000002c40000)]

Other Threads:
  0x0000000009240800 VMThread [stack: 0x000000000a300000,0x000000000a400000] [id=6672]
  0x00000000092c1800 WatcherThread [stack: 0x000000000ad00000,0x000000000ae00000] [id=6604]

VM state:not at safepoint (normal execution)

VM Mutex/Monitor currently owned by a thread: None

Heap
 PSYoungGen      total 148992K, used 108182K [0x00000000eaa80000, 0x00000000f5580000, 0x0000000100000000)
  eden space 122880K, 87% used [0x00000000eaa80000,0x00000000f1375b78,0x00000000f2280000)
  from space 26112K, 2% used [0x00000000f2280000,0x00000000f2330040,0x00000000f3c00000)
  to   space 25088K, 0% used [0x00000000f3d00000,0x00000000f3d00000,0x00000000f5580000)
 ParOldGen       total 349696K, used 183877K [0x00000000c0000000, 0x00000000d5580000, 0x00000000eaa80000)
  object space 349696K, 52% used [0x00000000c0000000,0x00000000cb391788,0x00000000d5580000)
 PSPermGen       total 108544K, used 108262K [0x00000000b0000000, 0x00000000b6a00000, 0x00000000c0000000)
  object space 108544K, 99% used [0x00000000b0000000,0x00000000b69b9910,0x00000000b6a00000)

Card table byte_map: [0x0000000005e10000,0x00000000060a0000] byte_map_base: 0x0000000005890000

Polling page: 0x0000000001340000

Code Cache  [0x0000000002d50000, 0x0000000003940000, 0x0000000005d50000)
 total_blobs=4826 nmethods=4336 adapters=445 free_code_cache=37216Kb largest_free_block=37846912

Compilation events (10 events):
Event: 2524.639 Thread 0x00000000092ac000 5112             org.h2.index.BaseIndex::getColumnIndex (36 bytes)
Event: 2524.661 Thread 0x00000000092ac000 nmethod 5112 0x0000000003330d50 code [0x0000000003330ea0, 0x0000000003331318]
Event: 2885.355 Thread 0x00000000092a6800 5113             java.util.AbstractCollection::toArray (70 bytes)
Event: 2885.366 Thread 0x00000000092a6800 nmethod 5113 0x000000000362dd90 code [0x000000000362df00, 0x000000000362e158]
Event: 3125.805 Thread 0x00000000092ac000 5114             org.h2.command.Parser::readCondition (1044 bytes)
Event: 3128.497 Thread 0x00000000092ac000 nmethod 5114 0x0000000003913610 code [0x0000000003915d20, 0x000000000392ac88]
Event: 3245.876 Thread 0x00000000092a6800 5115             org.h2.engine.Database::compare (10 bytes)
Event: 3245.893 Thread 0x00000000092a6800 nmethod 5115 0x000000000362cd50 code [0x000000000362cf00, 0x000000000362d5e8]
Event: 3546.835 Thread 0x00000000092ac000 5116             org.h2.command.Parser::readTerm (1731 bytes)
Event: 3547.393 Thread 0x00000000092ac000 nmethod 5116 0x0000000003764790 code [0x00000000037655e0, 0x000000000376b218]

GC Heap History (10 events):
Event: 1479.544 GC heap before
{Heap before GC invocations=43 (full 0):
 PSYoungGen      total 146432K, used 134752K [0x00000000eaa80000, 0x00000000f5580000, 0x0000000100000000)
  eden space 119808K, 100% used [0x00000000eaa80000,0x00000000f1f80000,0x00000000f1f80000)
  from space 26624K, 56% used [0x00000000f3b80000,0x00000000f4a18010,0x00000000f5580000)
  to   space 27648K, 0% used [0x00000000f1f80000,0x00000000f1f80000,0x00000000f3a80000)
 ParOldGen       total 349696K, used 175709K [0x00000000c0000000, 0x00000000d5580000, 0x00000000eaa80000)
  object space 349696K, 50% used [0x00000000c0000000,0x00000000cab97648,0x00000000d5580000)
 PSPermGen       total 108032K, used 107720K [0x00000000b0000000, 0x00000000b6980000, 0x00000000c0000000)
  object space 108032K, 99% used [0x00000000b0000000,0x00000000b6932398,0x00000000b6980000)
Event: 1479.576 GC heap after
Heap after GC invocations=43 (full 0):
 PSYoungGen      total 147456K, used 4624K [0x00000000eaa80000, 0x00000000f5580000, 0x0000000100000000)
  eden space 119808K, 0% used [0x00000000eaa80000,0x00000000eaa80000,0x00000000f1f80000)
  from space 27648K, 16% used [0x00000000f1f80000,0x00000000f2404020,0x00000000f3a80000)
  to   space 26112K, 0% used [0x00000000f3c00000,0x00000000f3c00000,0x00000000f5580000)
 ParOldGen       total 349696K, used 178885K [0x00000000c0000000, 0x00000000d5580000, 0x00000000eaa80000)
  object space 349696K, 51% used [0x00000000c0000000,0x00000000caeb1668,0x00000000d5580000)
 PSPermGen       total 108032K, used 107720K [0x00000000b0000000, 0x00000000b6980000, 0x00000000c0000000)
  object space 108032K, 99% used [0x00000000b0000000,0x00000000b6932398,0x00000000b6980000)
}
Event: 1490.234 GC heap before
{Heap before GC invocations=44 (full 0):
 PSYoungGen      total 147456K, used 124432K [0x00000000eaa80000, 0x00000000f5580000, 0x0000000100000000)
  eden space 119808K, 100% used [0x00000000eaa80000,0x00000000f1f80000,0x00000000f1f80000)
  from space 27648K, 16% used [0x00000000f1f80000,0x00000000f2404020,0x00000000f3a80000)
  to   space 26112K, 0% used [0x00000000f3c00000,0x00000000f3c00000,0x00000000f5580000)
 ParOldGen       total 349696K, used 178885K [0x00000000c0000000, 0x00000000d5580000, 0x00000000eaa80000)
  object space 349696K, 51% used [0x00000000c0000000,0x00000000caeb1668,0x00000000d5580000)
 PSPermGen       total 108032K, used 107767K [0x00000000b0000000, 0x00000000b6980000, 0x00000000c0000000)
  object space 108032K, 99% used [0x00000000b0000000,0x00000000b693dd30,0x00000000b6980000)
Event: 1490.248 GC heap after
Heap after GC invocations=44 (full 0):
 PSYoungGen      total 150016K, used 947K [0x00000000eaa80000, 0x00000000f5580000, 0x0000000100000000)
  eden space 123904K, 0% used [0x00000000eaa80000,0x00000000eaa80000,0x00000000f2380000)
  from space 26112K, 3% used [0x00000000f3c00000,0x00000000f3cecc18,0x00000000f5580000)
  to   space 25088K, 0% used [0x00000000f2380000,0x00000000f2380000,0x00000000f3c00000)
 ParOldGen       total 349696K, used 178941K [0x00000000c0000000, 0x00000000d5580000, 0x00000000eaa80000)
  object space 349696K, 51% used [0x00000000c0000000,0x00000000caebf668,0x00000000d5580000)
 PSPermGen       total 108032K, used 107767K [0x00000000b0000000, 0x00000000b6980000, 0x00000000c0000000)
  object space 108032K, 99% used [0x00000000b0000000,0x00000000b693dd30,0x00000000b6980000)
}
Event: 1496.934 GC heap before
{Heap before GC invocations=45 (full 0):
 PSYoungGen      total 150016K, used 124851K [0x00000000eaa80000, 0x00000000f5580000, 0x0000000100000000)
  eden space 123904K, 100% used [0x00000000eaa80000,0x00000000f2380000,0x00000000f2380000)
  from space 26112K, 3% used [0x00000000f3c00000,0x00000000f3cecc18,0x00000000f5580000)
  to   space 25088K, 0% used [0x00000000f2380000,0x00000000f2380000,0x00000000f3c00000)
 ParOldGen       total 349696K, used 178941K [0x00000000c0000000, 0x00000000d5580000, 0x00000000eaa80000)
  object space 349696K, 51% used [0x00000000c0000000,0x00000000caebf668,0x00000000d5580000)
 PSPermGen       total 108032K, used 108021K [0x00000000b0000000, 0x00000000b6980000, 0x00000000c0000000)
  object space 108032K, 99% used [0x00000000b0000000,0x00000000b697d478,0x00000000b6980000)
Event: 1496.949 GC heap after
Heap after GC invocations=45 (full 0):
 PSYoungGen      total 148992K, used 1664K [0x00000000eaa80000, 0x00000000f5580000, 0x0000000100000000)
  eden space 123904K, 0% used [0x00000000eaa80000,0x00000000eaa80000,0x00000000f2380000)
  from space 25088K, 6% used [0x00000000f2380000,0x00000000f2520020,0x00000000f3c00000)
  to   space 24064K, 0% used [0x00000000f3e00000,0x00000000f3e00000,0x00000000f5580000)
 ParOldGen       total 349696K, used 179189K [0x00000000c0000000, 0x00000000d5580000, 0x00000000eaa80000)
  object space 349696K, 51% used [0x00000000c0000000,0x00000000caefd678,0x00000000d5580000)
 PSPermGen       total 108032K, used 108021K [0x00000000b0000000, 0x00000000b6980000, 0x00000000c0000000)
  object space 108032K, 99% used [0x00000000b0000000,0x00000000b697d478,0x00000000b6980000)
}
Event: 1510.367 GC heap before
{Heap before GC invocations=46 (full 0):
 PSYoungGen      total 148992K, used 125568K [0x00000000eaa80000, 0x00000000f5580000, 0x0000000100000000)
  eden space 123904K, 100% used [0x00000000eaa80000,0x00000000f2380000,0x00000000f2380000)
  from space 25088K, 6% used [0x00000000f2380000,0x00000000f2520020,0x00000000f3c00000)
  to   space 24064K, 0% used [0x00000000f3e00000,0x00000000f3e00000,0x00000000f5580000)
 ParOldGen       total 349696K, used 179189K [0x00000000c0000000, 0x00000000d5580000, 0x00000000eaa80000)
  object space 349696K, 51% used [0x00000000c0000000,0x00000000caefd678,0x00000000d5580000)
 PSPermGen       total 108032K, used 108021K [0x00000000b0000000, 0x00000000b6980000, 0x00000000c0000000)
  object space 108032K, 99% used [0x00000000b0000000,0x00000000b697d478,0x00000000b6980000)
Event: 1510.423 GC heap after
Heap after GC invocations=46 (full 0):
 PSYoungGen      total 146944K, used 15168K [0x00000000eaa80000, 0x00000000f5580000, 0x0000000100000000)
  eden space 122880K, 0% used [0x00000000eaa80000,0x00000000eaa80000,0x00000000f2280000)
  from space 24064K, 63% used [0x00000000f3e00000,0x00000000f4cd0010,0x00000000f5580000)
  to   space 26112K, 0% used [0x00000000f2280000,0x00000000f2280000,0x00000000f3c00000)
 ParOldGen       total 349696K, used 180677K [0x00000000c0000000, 0x00000000d5580000, 0x00000000eaa80000)
  object space 349696K, 51% used [0x00000000c0000000,0x00000000cb071758,0x00000000d5580000)
 PSPermGen       total 108032K, used 108021K [0x00000000b0000000, 0x00000000b6980000, 0x00000000c0000000)
  object space 108032K, 99% used [0x00000000b0000000,0x00000000b697d478,0x00000000b6980000)
}
Event: 2452.595 GC heap before
{Heap before GC invocations=47 (full 0):
 PSYoungGen      total 146944K, used 138048K [0x00000000eaa80000, 0x00000000f5580000, 0x0000000100000000)
  eden space 122880K, 100% used [0x00000000eaa80000,0x00000000f2280000,0x00000000f2280000)
  from space 24064K, 63% used [0x00000000f3e00000,0x00000000f4cd0010,0x00000000f5580000)
  to   space 26112K, 0% used [0x00000000f2280000,0x00000000f2280000,0x00000000f3c00000)
 ParOldGen       total 349696K, used 180677K [0x00000000c0000000, 0x00000000d5580000, 0x00000000eaa80000)
  object space 349696K, 51% used [0x00000000c0000000,0x00000000cb071758,0x00000000d5580000)
 PSPermGen       total 108544K, used 108097K [0x00000000b0000000, 0x00000000b6a00000, 0x00000000c0000000)
  object space 108544K, 99% used [0x00000000b0000000,0x00000000b69905a0,0x00000000b6a00000)
Event: 2452.621 GC heap after
Heap after GC invocations=47 (full 0):
 PSYoungGen      total 148992K, used 704K [0x00000000eaa80000, 0x00000000f5580000, 0x0000000100000000)
  eden space 122880K, 0% used [0x00000000eaa80000,0x00000000eaa80000,0x00000000f2280000)
  from space 26112K, 2% used [0x00000000f2280000,0x00000000f2330040,0x00000000f3c00000)
  to   space 25088K, 0% used [0x00000000f3d00000,0x00000000f3d00000,0x00000000f5580000)
 ParOldGen       total 349696K, used 183877K [0x00000000c0000000, 0x00000000d5580000, 0x00000000eaa80000)
  object space 349696K, 52% used [0x00000000c0000000,0x00000000cb391788,0x00000000d5580000)
 PSPermGen       total 108544K, used 108097K [0x00000000b0000000, 0x00000000b6a00000, 0x00000000c0000000)
  object space 108544K, 99% used [0x00000000b0000000,0x00000000b69905a0,0x00000000b6a00000)
}

Deoptimization events (10 events):
Event: 1827.243 Thread 0x000000000c721000 Uncommon trap: reason=unreached action=reinterpret pc=0x00000000032aaeec method=org.jboss.netty.handler.codec.frame.FrameDecoder.internalBuffer()Lorg/jboss/netty/buffer/ChannelBuffer; @ 6
Event: 1827.244 Thread 0x000000000c717000 Uncommon trap: reason=unreached action=reinterpret pc=0x00000000032aaeec method=org.jboss.netty.handler.codec.frame.FrameDecoder.internalBuffer()Lorg/jboss/netty/buffer/ChannelBuffer; @ 6
Event: 1827.244 Thread 0x000000000c5b6800 Uncommon trap: reason=unreached action=reinterpret pc=0x00000000032aa048 method=org.jboss.netty.handler.codec.frame.FrameDecoder.internalBuffer()Lorg/jboss/netty/buffer/ChannelBuffer; @ 6
Event: 1827.244 Thread 0x000000000c7e5800 Uncommon trap: reason=unreached action=reinterpret pc=0x00000000032aa048 method=org.jboss.netty.handler.codec.frame.FrameDecoder.internalBuffer()Lorg/jboss/netty/buffer/ChannelBuffer; @ 6
Event: 1827.255 Thread 0x000000000c717000 Uncommon trap: reason=unreached action=reinterpret pc=0x00000000032a9e08 method=org.jboss.netty.handler.codec.frame.FrameDecoder.internalBuffer()Lorg/jboss/netty/buffer/ChannelBuffer; @ 6
Event: 2452.574 Thread 0x000000000c74a800 Uncommon trap: reason=unhandled action=none pc=0x0000000002e8e3d0 method=java.net.URLClassLoader$1.run()Ljava/lang/Class; @ 72
Event: 2452.576 Thread 0x000000000c74a800 Uncommon trap: reason=unhandled action=none pc=0x0000000002e8e3d0 method=java.net.URLClassLoader$1.run()Ljava/lang/Class; @ 72
Event: 2452.580 Thread 0x000000000c74a800 Uncommon trap: reason=unhandled action=none pc=0x0000000002e8e3d0 method=java.net.URLClassLoader$1.run()Ljava/lang/Class; @ 72
Event: 2452.581 Thread 0x000000000c74a800 Uncommon trap: reason=unhandled action=none pc=0x0000000002e8e3d0 method=java.net.URLClassLoader$1.run()Ljava/lang/Class; @ 72
Event: 2457.376 Thread 0x0000000010f0e000 Uncommon trap: reason=bimorphic action=maybe_recompile pc=0x000000000338a148 method=scala.collection.IndexedSeqOptimized$$anonfun$1.apply(Ljava/lang/Object;)Z @ 5

Internal exceptions (10 events):
Event: 1496.401 Thread 0x0000000010f0a000 Threw 0x00000000f12ce2c0 at C:\jdk7u2_64p\jdk7u40\hotspot\src\share\vm\prims\jni.cpp:717
Event: 1496.402 Thread 0x000000000e8b5000 Threw 0x00000000f10cf388 at C:\jdk7u2_64p\jdk7u40\hotspot\src\share\vm\prims\jni.cpp:717
Event: 1518.296 Thread 0x000000000c721000 Threw 0x00000000ebc29378 at C:\jdk7u2_64p\jdk7u40\hotspot\src\share\vm\prims\jvm.cpp:1244
Event: 1518.421 Thread 0x000000000c721000 Threw 0x00000000ebccd1a0 at C:\jdk7u2_64p\jdk7u40\hotspot\src\share\vm\prims\jvm.cpp:1244
Event: 1518.637 Thread 0x000000000c721000 Threw 0x00000000ebcd04e8 at C:\jdk7u2_64p\jdk7u40\hotspot\src\share\vm\prims\jvm.cpp:1244
Event: 1518.830 Thread 0x000000000c721000 Threw 0x00000000ebcd9b28 at C:\jdk7u2_64p\jdk7u40\hotspot\src\share\vm\prims\jvm.cpp:1244
Event: 2452.575 Thread 0x000000000c74a800 Threw 0x00000000f22239c0 at C:\jdk7u2_64p\jdk7u40\hotspot\src\share\vm\prims\jvm.cpp:1244
Event: 2452.576 Thread 0x000000000c74a800 Threw 0x00000000f222b260 at C:\jdk7u2_64p\jdk7u40\hotspot\src\share\vm\prims\jvm.cpp:1244
Event: 2452.581 Thread 0x000000000c74a800 Threw 0x00000000f222d928 at C:\jdk7u2_64p\jdk7u40\hotspot\src\share\vm\prims\jvm.cpp:1244
Event: 2452.582 Thread 0x000000000c74a800 Threw 0x00000000f2236f18 at C:\jdk7u2_64p\jdk7u40\hotspot\src\share\vm\prims\jvm.cpp:1244

Events (10 events):
Event: 3725.869 Executing VM operation: RevokeBias
Event: 3725.869 Executing VM operation: RevokeBias done
Event: 3725.892 Executing VM operation: RevokeBias
Event: 3725.893 Executing VM operation: RevokeBias done
Event: 3725.918 Executing VM operation: RevokeBias
Event: 3725.918 Executing VM operation: RevokeBias done
Event: 3725.940 Executing VM operation: RevokeBias
Event: 3725.940 Executing VM operation: RevokeBias done
Event: 3911.368 Executing VM operation: RedefineClasses
Event: 3912.033 Executing VM operation: RedefineClasses done


Dynamic libraries:
0x00007ff615950000 - 0x00007ff615983000 	C:\Program Files\Java\jdk1.7.0_40\bin\java.exe
0x00007ff984140000 - 0x00007ff9842ea000 	C:\WINDOWS\SYSTEM32\ntdll.dll
0x00007ff983eb0000 - 0x00007ff983fea000 	C:\WINDOWS\system32\KERNEL32.DLL
0x00007ff981620000 - 0x00007ff98172f000 	C:\WINDOWS\system32\KERNELBASE.dll
0x00007ff9800e0000 - 0x00007ff980168000 	C:\WINDOWS\system32\apphelp.dll
0x00007ff9785c0000 - 0x00007ff97860f000 	C:\WINDOWS\AppPatch\AppPatch64\AcGenral.DLL
0x00007ff984090000 - 0x00007ff984137000 	C:\WINDOWS\system32\msvcrt.dll
0x00007ff981360000 - 0x00007ff98138b000 	C:\WINDOWS\SYSTEM32\SspiCli.dll
0x00007ff983c70000 - 0x00007ff983cc1000 	C:\WINDOWS\system32\SHLWAPI.dll
0x00007ff9837f0000 - 0x00007ff983961000 	C:\WINDOWS\system32\USER32.dll
0x00007ff981ba0000 - 0x00007ff981d18000 	C:\WINDOWS\system32\ole32.dll
0x00007ff9821c0000 - 0x00007ff9835e0000 	C:\WINDOWS\system32\SHELL32.dll
0x00007ff980b40000 - 0x00007ff980b5e000 	C:\WINDOWS\SYSTEM32\USERENV.dll
0x00007ff981dd0000 - 0x00007ff981e75000 	C:\WINDOWS\system32\ADVAPI32.dll
0x00007ff974540000 - 0x00007ff97455b000 	C:\WINDOWS\SYSTEM32\MPR.dll
0x00007ff982020000 - 0x00007ff982156000 	C:\WINDOWS\system32\RPCRT4.dll
0x00007ff983770000 - 0x00007ff9837c7000 	C:\WINDOWS\SYSTEM32\sechost.dll
0x00007ff9819c0000 - 0x00007ff981b96000 	C:\WINDOWS\SYSTEM32\combase.dll
0x00007ff983b10000 - 0x00007ff983c54000 	C:\WINDOWS\system32\GDI32.dll
0x00007ff9814b0000 - 0x00007ff9814c4000 	C:\WINDOWS\SYSTEM32\profapi.dll
0x00007ff97f900000 - 0x00007ff97f99f000 	C:\WINDOWS\SYSTEM32\SHCORE.dll
0x00007ff981d90000 - 0x00007ff981dc4000 	C:\WINDOWS\system32\IMM32.DLL
0x00007ff981e80000 - 0x00007ff981fb9000 	C:\WINDOWS\system32\MSCTF.dll
0x00007ff97e310000 - 0x00007ff97e56a000 	C:\WINDOWS\WinSxS\amd64_microsoft.windows.common-controls_6595b64144ccf1df_6.0.9600.17031_none_6242a4b3ecbb55a1\COMCTL32.dll
0x000000006a170000 - 0x000000006a241000 	C:\Program Files\Java\jdk1.7.0_40\jre\bin\msvcr100.dll
0x000000006a2f0000 - 0x000000006aab9000 	C:\Program Files\Java\jdk1.7.0_40\jre\bin\server\jvm.dll
0x00007ff977b50000 - 0x00007ff977b59000 	C:\WINDOWS\SYSTEM32\WSOCK32.dll
0x00007ff97a8c0000 - 0x00007ff97a8df000 	C:\WINDOWS\SYSTEM32\WINMM.dll
0x00007ff981d80000 - 0x00007ff981d87000 	C:\WINDOWS\system32\PSAPI.DLL
0x00007ff981fc0000 - 0x00007ff982018000 	C:\WINDOWS\system32\WS2_32.dll
0x00007ff97a820000 - 0x00007ff97a84a000 	C:\WINDOWS\SYSTEM32\WINMMBASE.dll
0x00007ff9836a0000 - 0x00007ff9836a9000 	C:\WINDOWS\system32\NSI.dll
0x00007ff9815d0000 - 0x00007ff98161a000 	C:\WINDOWS\SYSTEM32\cfgmgr32.dll
0x00007ff980330000 - 0x00007ff980356000 	C:\WINDOWS\SYSTEM32\DEVOBJ.dll
0x000000006a2e0000 - 0x000000006a2ef000 	C:\Program Files\Java\jdk1.7.0_40\jre\bin\verify.dll
0x000000006a2b0000 - 0x000000006a2d8000 	C:\Program Files\Java\jdk1.7.0_40\jre\bin\java.dll
0x000000006a130000 - 0x000000006a165000 	C:\Program Files\Java\jdk1.7.0_40\jre\bin\jdwp.dll
0x000000006a120000 - 0x000000006a128000 	C:\Program Files\Java\jdk1.7.0_40\jre\bin\npt.dll
0x000000006a290000 - 0x000000006a2a5000 	C:\Program Files\Java\jdk1.7.0_40\jre\bin\zip.dll
0x000000006a110000 - 0x000000006a119000 	C:\Program Files\Java\jdk1.7.0_40\jre\bin\dt_socket.dll
0x00007ff980de0000 - 0x00007ff980e38000 	C:\WINDOWS\system32\mswsock.dll
0x000000006a270000 - 0x000000006a289000 	C:\Program Files\Java\jdk1.7.0_40\jre\bin\net.dll
0x000000006a250000 - 0x000000006a261000 	C:\Program Files\Java\jdk1.7.0_40\jre\bin\nio.dll
0x00007ff980e40000 - 0x00007ff980e5e000 	C:\WINDOWS\SYSTEM32\CRYPTSP.dll
0x00007ff980a30000 - 0x00007ff980a65000 	C:\WINDOWS\system32\rsaenh.dll
0x00007ff981070000 - 0x00007ff981096000 	C:\WINDOWS\SYSTEM32\bcrypt.dll
0x00007ff981390000 - 0x00007ff9813f0000 	C:\WINDOWS\system32\bcryptprimitives.dll
0x00007ff9813f0000 - 0x00007ff9813fa000 	C:\WINDOWS\SYSTEM32\CRYPTBASE.dll
0x00007ff974b40000 - 0x00007ff974b54000 	C:\WINDOWS\system32\napinsp.dll
0x00007ff974b60000 - 0x00007ff974b79000 	C:\WINDOWS\system32\pnrpnsp.dll
0x00007ff97ea90000 - 0x00007ff97eaa9000 	C:\WINDOWS\system32\NLAapi.dll
0x00007ff980bf0000 - 0x00007ff980c93000 	C:\WINDOWS\SYSTEM32\DNSAPI.dll
0x00007ff974bb0000 - 0x00007ff974bbc000 	C:\WINDOWS\System32\winrnr.dll
0x00007ff974bc0000 - 0x00007ff974bd3000 	C:\WINDOWS\system32\wshbth.dll
0x00007ff978e50000 - 0x00007ff978e59000 	C:\Windows\System32\rasadhlp.dll
0x00007ff97c490000 - 0x00007ff97c4b9000 	C:\WINDOWS\SYSTEM32\IPHLPAPI.DLL
0x00007ff97c470000 - 0x00007ff97c47a000 	C:\WINDOWS\SYSTEM32\WINNSI.DLL
0x00007ff97c0c0000 - 0x00007ff97c128000 	C:\WINDOWS\System32\fwpuclnt.dll
0x00007ff97ca10000 - 0x00007ff97ca1a000 	C:\Users\LuisAngel\AppData\Local\Temp\jansi-64-1-1447578639204953098.11
0x0000000067540000 - 0x000000006764f000 	C:\Users\LuisAngel\git\ObservaParo\ObservaParo\target\native_libraries\64bits\jnotify_64bit.dll
0x000000006a050000 - 0x000000006a05b000 	C:\Program Files\Java\jdk1.7.0_40\jre\bin\management.dll
0x00007ff974e60000 - 0x00007ff974fe8000 	C:\WINDOWS\SYSTEM32\dbghelp.dll

VM Arguments:
jvm_args: -Xms512M -Xmx1024M -Xss1M -XX:+CMSClassUnloadingEnabled -XX:MaxPermSize=256M -Xrunjdwp:transport=dt_socket,server=y,suspend=n,address=9999 -Dfile.encoding=UTF-8 -Dinput.encoding=Cp1252 -Dplay.version=2.2.2 -Dsbt.ivy.home=C:\play-2.2.2\framework\..\repository -Dplay.home=C:\play-2.2.2\framework\. -Dsbt.boot.properties=file:///C:/play-2.2.2/framework/sbt/sbt.boot.properties -Dsbt.scala.version=2.10.3 
java_command: C:\play-2.2.2\framework\sbt\sbt-launch.jar run
Launcher Type: SUN_STANDARD

Environment Variables:
PATH=C:\Program Files (x86)\Parallels\Parallels Tools\Applications;C:\Program Files\Java\jdk1.7.0_40\bin;C:\WINDOWS\system32;C:\WINDOWS;C:\WINDOWS\System32\Wbem;C:\WINDOWS\System32\WindowsPowerShell\v1.0\;C:\Users\LuisAngel\AppData\Local\Smartbar\Application\;C:\Users\LuisAngel\AppData\Local\Smartbar\Application\;C:\play-2.2.2;C:\Program Files (x86)\Java\jdk1.7.0_40
USERNAME=LuisAngel
OS=Windows_NT
PROCESSOR_IDENTIFIER=Intel64 Family 6 Model 58 Stepping 9, GenuineIntel



---------------  S Y S T E M  ---------------

OS: Windows 8 , 64 bit Build 9200 

CPU:total 4 (2 cores per cpu, 2 threads per core) family 6 model 58 stepping 9, cmov, cx8, fxsr, mmx, sse, sse2, sse3, ssse3, sse4.1, sse4.2, popcnt, avx, aes, erms, ht, tsc, tscinvbit, tscinv

Memory: 4k page, physical 8293056k(4787164k free), swap 9603776k(5613028k free)

vm_info: Java HotSpot(TM) 64-Bit Server VM (24.0-b56) for windows-amd64 JRE (1.7.0_40-b43), built on Aug 26 2013 22:38:32 by "java_re" with unknown MS VC++:1600

time: Thu Jun 26 03:23:57 2014
elapsed time: 3912 seconds

