#
# A fatal error has been detected by the Java Runtime Environment:
#
#  EXCEPTION_ACCESS_VIOLATION (0xc0000005) at pc=0x000000005e198616, pid=4764, tid=3660
#
# JRE version: Java(TM) SE Runtime Environment (7.0_40-b43) (build 1.7.0_40-b43)
# Java VM: Java HotSpot(TM) 64-Bit Server VM (24.0-b56 mixed mode windows-amd64 compressed oops)
# Problematic frame:
# V  [jvm.dll+0x1e8616]
#
# Failed to write core dump. Minidumps are not enabled by default on client versions of Windows
#
# If you would like to submit a bug report, please visit:
#   http://bugreport.sun.com/bugreport/crash.jsp
#

---------------  T H R E A D  ---------------

Current thread (0x0000000008970800):  VMThread [stack: 0x0000000009a40000,0x0000000009b40000] [id=3660]

siginfo: ExceptionCode=0xc0000005, reading address 0x000000000000000a

Registers:
RAX=0x0000000000000000, RBX=0x0000000009b3ef20, RCX=0x0000000009b3ef20, RDX=0x0000000000000028
RSP=0x0000000009b3ec50, RBP=0x0000000000000013, RSI=0x0000000000000000, RDI=0x0000000009b3f5a0
R8 =0x0000000000000000, R9 =0x0000000000000000, R10=0x00000000b45241d8, R11=0x000000005e52a8e8
R12=0x00000000000002f8, R13=0x0000000008970801, R14=0x0000000000000000, R15=0x6666666666666667
RIP=0x000000005e198616, EFLAGS=0x0000000000010206

Top of Stack: (sp=0x0000000009b3ec50)
0x0000000009b3ec50:   00000000b049f878 00000000c04d4678
0x0000000009b3ec60:   00000000b0354ac0 00000000c060a2d0
0x0000000009b3ec70:   00000000b024b268 00000000c05f9b98
0x0000000009b3ec80:   00000000b01dd5f0 00000000c178b1a8
0x0000000009b3ec90:   000000000dbef578 000000000dbef578
0x0000000009b3eca0:   00000000b426b490 00000000c158b048
0x0000000009b3ecb0:   00000000b4056c78 00000000c16321f0
0x0000000009b3ecc0:   00000000b3207208 00000000c14aebb8
0x0000000009b3ecd0:   00000000b2f0dbd0 00000000c0bbeec0
0x0000000009b3ece0:   00000000b1f51590 00000000c050fe28
0x0000000009b3ecf0:   00000000b16d1df8 00000000c05cfec8
0x0000000009b3ed00:   00000000b1551900 00000000c05d6ba8
0x0000000009b3ed10:   00000000b14923c8 00000000c067b410
0x0000000009b3ed20:   00000000b09c12a0 00000000c066e8e8
0x0000000009b3ed30:   00000000b08c42c0 00000000c1794268
0x0000000009b3ed40:   00000000b42fb5b8 00000000c15ad220 

Instructions: (pc=0x000000005e198616)
0x000000005e1985f6:   01 00 00 48 8b 05 e0 42 54 00 48 33 c4 48 89 84
0x000000005e198606:   24 30 01 00 00 4c 63 41 10 48 8b 41 08 48 8b d9
0x000000005e198616:   42 38 54 00 0a 74 33 44 0f be c2 48 8d 4c 24 20
0x000000005e198626:   48 8d 15 4b 7a 3a 00 e8 5e 54 e3 ff 48 8d 0d d7 


Register to memory mapping:

RAX=0x0000000000000000 is an unknown value
RBX=0x0000000009b3ef20 is an unknown value
RCX=0x0000000009b3ef20 is an unknown value
RDX=0x0000000000000028 is an unknown value
RSP=0x0000000009b3ec50 is an unknown value
RBP=0x0000000000000013 is an unknown value
RSI=0x0000000000000000 is an unknown value
RDI=0x0000000009b3f5a0 is an unknown value
R8 =0x0000000000000000 is an unknown value
R9 =0x0000000000000000 is an unknown value
R10=0x00000000b45241d8 is an oop
{constant pool} 
 - klass: {other class}
 - holder: 0x00000000b44f1828
 - cache: 0x00000000b4525130
 -   1 :  : klass_index=99 name_and_type_index=202
 -   2 :  : 'java/util/ArrayList'
 -   3 :  : klass_index=2 name_and_type_index=202
 -   4 :  : 'java/io/FileInputStream'
 -   5 :  : 'java/io/File'
 -   6 :  : klass_index=5 name_and_type_index=206
 -   7 :  : klass_index=4 name_and_type_index=207
 -   8 :  : klass_index=208 name_and_type_index=209
 -   9 :  : klass_index=210 name_and_type_index=211
 -  10 :  : klass_index=210 name_and_type_index=212
 -  11 :  : "PARO" {0xc1731f40}
 -  12 :  : klass_index=214 name_and_type_index=215
 -  13 :  : klass_index=216 name_and_type_index=217
 -  14 :  : klass_index=218 name_and_type_index=219
 -  15 :  : klass_index=220 name_and_type_index=221
 -  16 :  : klass_index=222 name_and_type_index=223
 -  17 :  : 'java/util/Date'
 -  18 :  : klass_index=89 name_and_type_index=225
 -  19 :  : klass_index=89 name_and_type_index=226
 -  20 :  : klass_index=17 name_and_type_index=227
 -  21 :  : klass_index=228 name_and_type_index=229
 -  22 :  : klass_index=228 name_and_type_index=230
 -  23 :  : klass_index=89 name_and_type_index=231
 -  24 :  : klass_index=228 name_and_type_index=232
 -  25 :  : klass_index=233 name_and_type_index=234
 -  26 :  : klass_index=233 name_and_type_index=235
 -  27 :  : 'org/apache/poi/ss/usermodel/Row'
 -  28 :  : klass_index=27 name_and_type_index=237
 -  29 :  : "" {0xc03792d0}
 -  30 :  : klass_index=239 name_and_type_index=240
 -  31 :  : klass_index=27 name_and_type_index=232
 -  32 :  : 'org/apache/poi/ss/usermodel/Cell'
 -  33 :  : klass_index=32 name_and_type_index=242
 -  34 :  : klass_index=32 name_and_type_index=243
 -  35 :  : 'models/City'
 -  36 :  : klass_index=35 name_and_type_index=245
 -  37 :  : klass_index=35 name_and_type_index=246
 -  38 :  : "TOTAL" {0xc1731f08}
 -  39 :  : klass_index=89 name_and_type_index=248
 -  40 :  : "HOMBRES<25" {0xc173f3a8}
 -  41 :  : "HOMBRES25-44" {0xc173f368}
 -  42 :  : "HOMBRES>=45" {0xc173f328}
 -  43 :  : "MUJERES<25" {0xc173f2e8}
 -  44 :  : "MUJERES25-44" {0xc173f2a8}
 -  45 :  : "MUJERES>=45" {0xc173f268}
 -  46 :  : "SECTOR_AGRICULTURA" {0xc173f218}
 -  47 :  : "SECTOR_INDUSTRIA" {0xc173f1d0}
 -  48 :  : "SECTOR_CONSTRUCCION" {0xc173f180}
 -  49 :  : "SECTOR_SERVICIOS" {0xc173f138}
 -  50 :  : "SIN_EMPLEO_ANTERIOR" {0xc168a608}
 -  51 :  : klass_index=214 name_and_type_index=260
 -  52 :  : 'models/Indicator'
 -  53 :  : klass_index=52 name_and_type_index=206
 -  54 :  : klass_index=52 name_and_type_index=262
 -  55 :  : 'models/Observation'
 -  56 :  : klass_index=55 name_and_type_index=264
 -  57 :  : klass_index=55 name_and_type_index=265
 -  58 :  : klass_index=266 name_and_type_index=267
 -  59 :  : 'java/util/HashMap'
 -  60 :  : klass_index=59 name_and_type_index=202
 -  61 :  : klass_index=52 name_and_type_index=269
 -  62 :  : klass_index=270 name_and_type_index=271
 -  63 :  : "value" {0xc05a3828}
 -  64 :  : "date" {0xc08a19a8}
 -  65 :  : klass_index=222 name_and_type_index=272
 -  66 :  : klass_index=220 name_and_type_index=272
 -  67 :  : klass_index=273 name_and_type_index=274
 -  68 :  : klass_index=32 name_and_type_index=275
 -  69 :  : klass_index=32 name_and_type_index=276
 -  70 :  : klass_index=277 name_and_type_index=278
 -  71 :  : klass_index=277 name_and_type_index=279
 -  72 :  : "_" {0xc05fb268}
 -  73 :  : klass_index=214 name_and_type_index=281
 -  74 :  : "\." {0xc0629448}
 -  75 :  : klass_index=214 name_and_type_index=283
 -  76 :  : klass_index=284 name_and_type_index=285
 -  77 :  : klass_index=17 name_and_type_index=202
 -  78 :  : klass_index=17 name_and_type_index=286
 -  79 :  : 'java/lang/StringBuilder'
 -  80 :  : klass_index=79 name_and_type_index=202
 -  81 :  : klass_index=214 name_and_type_index=288
 -  82 :  : klass_index=79 name_and_type_index=289
 -  83 :  : klass_index=17 name_and_type_index=290
 -  84 :  : klass_index=79 name_and_type_index=291
 -  85 :  : "0" {0xc0389190}
 -  86 :  : klass_index=79 name_and_type_index=293
 -  87 :  : "12" {0xc14dc0c8}
 -  88 :  : "11" {0xc14d6220}
 -  89 :  : 'utils/ExcelReaderUnemploymentCities'
 -  90 :  : klass_index=89 name_and_type_index=202
 -  91 :  : "public/data" {0xc1731ec8}
 -  92 :  : klass_index=5 name_and_type_index=298
 -  93 :  : klass_index=5 name_and_type_index=299
 -  94 :  : "public/data/" {0xc1731e88}
 -  95 :  : klass_index=89 name_and_type_index=301
 -  96 :  : klass_index=27 name_and_type_index=302
 -  97 :  : klass_index=27 name_and_type_index=303
 -  98 :  : klass_index=27 name_and_type_index=304
 -  99 :  : 'java/lang/Object'
 - 100 :  : 'utils/Reader'
 - 101 :  : '<init>'
 - 102 :  : '()V'
 - 103 :  : 'Code'
 - 104 :  : 'LineNumberTable'
 - 105 :  : 'LocalVariableTable'
 - 106 :  : 'this'
 - 107 :  : 'Lutils/ExcelReaderUnemploymentCities;'
 - 108 :  : 'read'
 - 109 :  : '(Ljava/lang/String;)Ljava/util/List;'
 - 110 :  : 'indicator'
 - 111 :  : 'Lmodels/Indicator;'
 - 112 :  : 'ob'
 - 113 :  : 'Lmodels/Observation;'
 - 114 :  : 'cell'
 - 115 :  : 'Lorg/apache/poi/ss/usermodel/Cell;'
 - 116 :  : 'i$'
 - 117 :  : 'Ljava/util/Iterator;'
 - 118 :  : 'cityName'
 - 119 :  : 'Ljava/lang/String;'
 - 120 :  : 'indicatorName'
 - 121 :  : 'value'
 - 122 :  : 'Ljava/lang/Long;'
 - 123 :  : 'city'
 - 124 :  : 'Lmodels/City;'
 - 125 :  : 'row'
 - 126 :  : 'Lorg/apache/poi/ss/usermodel/Row;'
 - 127 :  : 'xlsFile'
 - 128 :  : 'obsList'
 - 129 :  : 'Ljava/util/List;'
 - 130 :  : 'input'
 - 131 :  : 'Ljava/io/InputStream;'
 - 132 :  : 'workbook'
 - 133 :  : 'Lorg/apache/poi/ss/usermodel/Workbook;'
 - 134 :  : 'sheet'
 - 135 :  : 'Lorg/apache/poi/ss/usermodel/Sheet;'
 - 136 :  : 'province'
 - 137 :  : 'Lmodels/Province;'
 - 138 :  : 'autonomousCommunity'
 - 139 :  : 'Lmodels/AutonomousCommunity;'
 - 140 :  : 'date'
 - 141 :  : 'Ljava/util/Date;'
 - 142 :  : 'lastRowNotEmpty'
 - 143 :  : 'I'
 - 144 :  : 'LocalVariableTypeTable'
 - 145 :  : 'Ljava/util/List<Lmodels/Observation;>;'
 - 146 :  : 'StackMapTable'
 - 147 :  : 'utils/ExcelReaderUnemploymentCities'
 - 148 :  : 'java/lang/String'
 - 149 :  : 'java/util/List'
 - 150 :  : 'java/io/InputStream'
 - 151 :  : 'org/apache/poi/ss/usermodel/Workbook'
 - 152 :  : 'org/apache/poi/ss/usermodel/Sheet'
 - 153 :  : 'models/Province'
 - 154 :  : 'models/AutonomousCommunity'
 - 155 :  : 'java/util/Date'
 - 156 :  : 'java/util/Iterator'
 - 157 :  : 'org/apache/poi/ss/usermodel/Row'
 - 158 :  : 'java/lang/Long'
 - 159 :  : 'models/City'
 - 160 :  : 'org/apache/poi/ss/usermodel/Cell'
 - 161 :  : 'Exceptions'
 - 162 :  : 'java/io/IOException'
 - 163 :  : 'org/apache/poi/openxml4j/exceptions/InvalidFormatException'
 - 164 :  : 'Signature'
 - 165 :  : '(Ljava/lang/String;)Ljava/util/List<Lmodels/Observation;>;'
 - 166 :  : 'readProvince'
 - 167 :  : '(Ljava/lang/String;)V'
 - 168 :  : 'mapObservaciones'
 - 169 :  : 'Ljava/util/Map;'
 - 170 :  : 'map1'
 - 171 :  : 'map'
 - 172 :  : 'Ljava/util/Map<Ljava/lang/String;Ljava/lang/Object;>;'
 - 173 :  : 'java/util/Map'
 - 174 :  : 'getCellValue'
 - 175 :  : '(Lorg/apache/poi/ss/usermodel/Cell;Lorg/apache/poi/ss/usermodel/Workbook;)Ljava/lang/Long;'
 - 176 :  : 'getYear'
 - 177 :  : '(Ljava/lang/String;)I'
 - 178 :  : 'pieces'
 - 179 :  : '[Ljava/lang/String;'
 - 180 :  : 'year'
 - 181 :  : 'getMonth'
 - 182 :  : 'month'
 - 183 :  : 'getTheLastMonth'
 - 184 :  : '()Ljava/lang/String;'
 - 185 :  : 'currentDate'
 - 186 :  : 'getInstance'
 - 187 :  : '()Lutils/ExcelReaderUnemploymentCities;'
 - 188 :  : 'createObservationsBydate'
 - 189 :  : 'each'
 - 190 :  : 'Ljava/io/File;'
 - 191 :  : 'arr$'
 - 192 :  : '[Ljava/io/File;'
 - 193 :  : 'len$'
 - 194 :  : 'file'
 - 195 :  : 'java/io/File'
 - 196 :  : '[Ljava/io/File;'
 - 197 :  : 'isRowEmpty'
 - 198 :  : '(Lorg/apache/poi/ss/usermodel/Row;)Z'
 - 199 :  : 'c'
 - 200 :  : 'SourceFile'
 - 201 :  : 'ExcelReaderUnemploymentCities.java'
 - 202 :  : name_index=101 signature_index=102
 - 203 :  : 'java/util/ArrayList'
 - 204 :  : 'java/io/FileInputStream'
 - 205 :  : 'java/io/File'
 - 206 :  : name_index=101 signature_index=167
 - 207 :  : name_index=101 signature_index=319
 - 208 :  : 'org/apache/poi/ss/usermodel/WorkbookFactory'
 - 209 :  : name_index=321 signature_index=322
 - 210 :  : 'org/apache/poi/ss/usermodel/Workbook'
 - 211 :  : name_index=323 signature_index=324
 - 212 :  : name_index=325 signature_index=326
 - 213 :  : 'PARO'
 - 214 :  : 'java/lang/String'
 - 215 :  : name_index=327 signature_index=328
 - 216 :  : 'utils/ProvinceGenerator'
 - 217 :  : name_index=330 signature_index=331
 - 218 :  : 'utils/AutonomousCommunityGenerator'
 - 219 :  : name_index=333 signature_index=334
 - 220 :  : 'models/AutonomousCommunity'
 - 221 :  : name_index=321 signature_index=335
 - 222 :  : 'models/Province'
 - 223 :  : name_index=321 signature_index=336
 - 224 :  : 'java/util/Date'
 - 225 :  : name_index=176 signature_index=177
 - 226 :  : name_index=181 signature_index=177
 - 227 :  : name_index=101 signature_index=337
 - 228 :  : 'org/apache/poi/ss/usermodel/Sheet'
 - 229 :  : name_index=338 signature_index=339
 - 230 :  : name_index=340 signature_index=341
 - 231 :  : name_index=197 signature_index=198
 - 232 :  : name_index=342 signature_index=343
 - 233 :  : 'java/util/Iterator'
 - 234 :  : name_index=344 signature_index=345
 - 235 :  : name_index=346 signature_index=347
 - 236 :  : 'org/apache/poi/ss/usermodel/Row'
 - 237 :  : name_index=348 signature_index=339
 - 238 :  : ''
 - 239 :  : 'java/lang/Long'
 - 240 :  : name_index=349 signature_index=350
 - 241 :  : 'org/apache/poi/ss/usermodel/Cell'
 - 242 :  : name_index=351 signature_index=339
 - 243 :  : name_index=352 signature_index=184
 - 244 :  : 'models/City'
 - 245 :  : name_index=101 signature_index=353
 - 246 :  : name_index=321 signature_index=354
 - 247 :  : 'TOTAL'
 - 248 :  : name_index=174 signature_index=175
 - 249 :  : 'HOMBRES<25'
 - 250 :  : 'HOMBRES25-44'
 - 251 :  : 'HOMBRES>=45'
 - 252 :  : 'MUJERES<25'
 - 253 :  : 'MUJERES25-44'
 - 254 :  : 'MUJERES>=45'
 - 255 :  : 'SECTOR_AGRICULTURA'
 - 256 :  : 'SECTOR_INDUSTRIA'
 - 257 :  : 'SECTOR_CONSTRUCCION'
 - 258 :  : 'SECTOR_SERVICIOS'
 - 259 :  : 'SIN_EMPLEO_ANTERIOR'
 - 260 :  : name_index=355 signature_index=356
 - 261 :  : 'models/Indicator'
 - 262 :  : name_index=321 signature_index=357
 - 263 :  : 'models/Observation'
 - 264 :  : name_index=101 signature_index=358
 - 265 :  : name_index=359 signature_index=102
 - 266 :  : 'java/util/List'
 - 267 :  : name_index=360 signature_index=356
 - 268 :  : 'java/util/HashMap'
 - 269 :  : name_index=361 signature_index=119
 - 270 :  : 'java/util/Map'
 - 271 :  : name_index=362 signature_index=363
 - 272 :  : name_index=364 signature_index=119
 - 273 :  : 'play/cache/Cache'
 - 274 :  : name_index=366 signature_index=367
 - 275 :  : name_index=368 signature_index=339
 - 276 :  : name_index=369 signature_index=370
 - 277 :  : 'java/lang/Double'
 - 278 :  : name_index=349 signature_index=372
 - 279 :  : name_index=373 signature_index=374
 - 280 :  : '_'
 - 281 :  : name_index=375 signature_index=376
 - 282 :  : '\.'
 - 283 :  : name_index=377 signature_index=378
 - 284 :  : 'java/lang/Integer'
 - 285 :  : name_index=380 signature_index=177
 - 286 :  : name_index=181 signature_index=339
 - 287 :  : 'java/lang/StringBuilder'
 - 288 :  : name_index=349 signature_index=326
 - 289 :  : name_index=381 signature_index=382
 - 290 :  : name_index=176 signature_index=339
 - 291 :  : name_index=383 signature_index=184
 - 292 :  : '0'
 - 293 :  : name_index=381 signature_index=384
 - 294 :  : '12'
 - 295 :  : '11'
 - 296 :  : 'utils/ExcelReaderUnemploymentCities'
 - 297 :  : 'public/data'
 - 298 :  : name_index=385 signature_index=386
 - 299 :  : name_index=387 signature_index=184
 - 300 :  : 'public/data/'
 - 301 :  : name_index=166 signature_index=167
 - 302 :  : name_index=388 signature_index=389
 - 303 :  : name_index=390 signature_index=389
 - 304 :  : name_index=391 signature_index=392
 - 305 :  : 'java/lang/Object'
 - 306 :  : 'utils/Reader'
 - 307 :  : 'java/lang/String'
 - 308 :  : 'java/util/List'
 - 309 :  : 'java/io/InputStream'
 - 310 :  : 'org/apache/poi/ss/usermodel/Workbook'
 - 311 :  : 'org/apache/poi/ss/usermodel/Sheet'
 - 312 :  : 'models/Province'
 - 313 :  : 'models/AutonomousCommunity'
 - 314 :  : 'java/util/Iterator'
 - 315 :  : 'java/lang/Long'
 - 316 :  : 'java/io/IOException'
 - 317 :  : 'org/apache/poi/openxml4j/exceptions/InvalidFormatException'
 - 318 :  : 'java/util/Map'
 - 319 :  : '(Ljava/io/File;)V'
 - 320 :  : 'org/apache/poi/ss/usermodel/WorkbookFactory'
 - 321 :  : 'create'
 - 322 :  : '(Ljava/io/InputStream;)Lorg/apache/poi/ss/usermodel/Workbook;'
 - 323 :  : 'getSheetAt'
 - 324 :  : '(I)Lorg/apache/poi/ss/usermodel/Sheet;'
 - 325 :  : 'getSheetName'
 - 326 :  : '(I)Ljava/lang/String;'
 - 327 :  : 'contains'
 - 328 :  : '(Ljava/lang/CharSequence;)Z'
 - 329 :  : 'utils/ProvinceGenerator'
 - 330 :  : 'createProvince'
 - 331 :  : '(Ljava/lang/String;)Lmodels/Province;'
 - 332 :  : 'utils/AutonomousCommunityGenerator'
 - 333 :  : 'createComunityByProvince'
 - 334 :  : '(Lmodels/Province;)Lmodels/AutonomousCommunity;'
 - 335 :  : '(Lmodels/AutonomousCommunity;)V'
 - 336 :  : '(Lmodels/Province;)V'
 - 337 :  : '(III)V'
 - 338 :  : 'getLastRowNum'
 - 339 :  : '()I'
 - 340 :  : 'getRow'
 - 341 :  : '(I)Lorg/apache/poi/ss/usermodel/Row;'
 - 342 :  : 'iterator'
 - 343 :  : '()Ljava/util/Iterator;'
 - 344 :  : 'hasNext'
 - 345 :  : '()Z'
 - 346 :  : 'next'
 - 347 :  : '()Ljava/lang/Object;'
 - 348 :  : 'getRowNum'
 - 349 :  : 'valueOf'
 - 350 :  : '(J)Ljava/lang/Long;'
 - 351 :  : 'getColumnIndex'
 - 352 :  : 'getStringCellValue'
 - 353 :  : '(Ljava/lang/String;Lmodels/Province;)V'
 - 354 :  : '(Lmodels/City;)V'
 - 355 :  : 'equals'
 - 356 :  : '(Ljava/lang/Object;)Z'
 - 357 :  : '(Lmodels/Indicator;)V'
 - 358 :  : '(Lmodels/City;Lmodels/Indicator;Ljava/lang/Long;Ljava/util/Date;)V'
 - 359 :  : 'save'
 - 360 :  : 'add'
 - 361 :  : 'name'
 - 362 :  : 'put'
 - 363 :  : '(Ljava/lang/Object;Ljava/lang/Object;)Ljava/lang/Object;'
 - 364 :  : 'code'
 - 365 :  : 'play/cache/Cache'
 - 366 :  : 'set'
 - 367 :  : '(Ljava/lang/String;Ljava/lang/Object;)V'
 - 368 :  : 'getCellType'
 - 369 :  : 'getNumericCellValue'
 - 370 :  : '()D'
 - 371 :  : 'java/lang/Double'
 - 372 :  : '(D)Ljava/lang/Double;'
 - 373 :  : 'longValue'
 - 374 :  : '()J'
 - 375 :  : 'split'
 - 376 :  : '(Ljava/lang/String;)[Ljava/lang/String;'
 - 377 :  : 'substring'
 - 378 :  : '(II)Ljava/lang/String;'
 - 379 :  : 'java/lang/Integer'
 - 380 :  : 'parseInt'
 - 381 :  : 'append'
 - 382 :  : '(Ljava/lang/String;)Ljava/lang/StringBuilder;'
 - 383 :  : 'toString'
 - 384 :  : '(I)Ljava/lang/StringBuilder;'
 - 385 :  : 'listFiles'
 - 386 :  : '()[Ljava/io/File;'
 - 387 :  : 'getName'
 - 388 :  : 'getFirstCellNum'
 - 389 :  : '()S'
 - 390 :  : 'getLastCellNum'
 - 391 :  : 'getCell'
 - 392 :  : '(I)Lorg/apache/poi/ss/usermodel/Cell;'
 - 393 :  : 'RuntimeVisibleAnnotations'
 - 394 :  : 'Lplay/core/enhancers/PropertiesEnhancer$GeneratedAccessor;'
 - 395 :  : klass_index=52 name_and_type_index=299
 - 396 :  : 'getCode'
 - 397 :  : name_index=396 signature_index=184
 - 398 :  : klass_index=222 name_and_type_index=397
 - 399 :  : 'Lplay/core/enhancers/PropertiesEnhancer$RewrittenAccessor;'
 - 400 :  : "PARO" {0xc1731f40}
 - 401 :  : "" {0xc03792d0}
 - 402 :  : "TOTAL" {0xc1731f08}
 - 403 :  : "HOMBRES<25" {0xc173f3a8}
 - 404 :  : "HOMBRES25-44" {0xc173f368}
 - 405 :  : "HOMBRES>=45" {0xc173f328}
 - 406 :  : "MUJERES<25" {0xc173f2e8}
 - 407 :  : "MUJERES25-44" {0xc173f2a8}
 - 408 :  : "MUJERES>=45" {0xc173f268}
 - 409 :  : "SECTOR_AGRICULTURA" {0xc173f218}
 - 410 :  : "SECTOR_INDUSTRIA" {0xc173f1d0}
 - 411 :  : "SECTOR_CONSTRUCCION" {0xc173f180}
 - 412 :  : "SECTOR_SERVICIOS" {0xc173f138}
 - 413 :  : "SIN_EMPLEO_ANTERIOR" {0xc168a608}
 - 414 :  : "value" {0xc05a3828}
 - 415 :  : "date" {0xc08a19a8}
 - 416 :  : "_" {0xc05fb268}
 - 417 :  : "\." {0xc0629448}
 - 418 :  : '(Ljava/lang/Object;)Ljava/lang/String;'
 - 419 :  : name_index=349 signature_index=418
 - 420 :  : klass_index=148 name_and_type_index=419
 - 421 :  : klass_index=79 name_and_type_index=206
 - 422 :  : "0" {0xc0389190}
 - 423 :  : "12" {0xc14dc0c8}
 - 424 :  : "11" {0xc14d6220}
 - 425 :  : "public/data" {0xc1731ec8}
 - 426 :  : "public/data/" {0xc1731e88}

R11=0x000000005e52a8e8 is an unknown value
R12=0x00000000000002f8 is an unknown value
R13=0x0000000008970801 is an unknown value
R14=0x0000000000000000 is an unknown value
R15=0x6666666666666667 is an unknown value


Stack: [0x0000000009a40000,0x0000000009b40000],  sp=0x0000000009b3ec50,  free space=1019k
Native frames: (J=compiled Java code, j=interpreted, Vv=VM code, C=native code)
V  [jvm.dll+0x1e8616]

VM_Operation (0x000000000a03f180): GetOrSetLocal, mode: safepoint, requested by thread 0x00000000089ba000


---------------  P R O C E S S  ---------------

Java Threads: ( => current thread )
  0x000000000e150000 JavaThread "play-akka.actor.default-dispatcher-9" [_thread_blocked, id=7060, stack(0x000000000dbf0000,0x000000000dcf0000)]
  0x000000000e153000 JavaThread "play-akka.actor.default-dispatcher-8" [_thread_blocked, id=6132, stack(0x000000000daf0000,0x000000000dbf0000)]
  0x000000000e152800 JavaThread "net.sf.ehcache.CacheManager@3c352208" daemon [_thread_blocked, id=3588, stack(0x000000000d8f0000,0x000000000d9f0000)]
  0x000000000e14e000 JavaThread "BoneCP-pool-watch-thread" daemon [_thread_blocked, id=5044, stack(0x000000000c8f0000,0x000000000c9f0000)]
  0x000000000e14d000 JavaThread "BoneCP-max-alive-scheduler" daemon [_thread_blocked, id=4700, stack(0x000000000c6f0000,0x000000000c7f0000)]
  0x000000000e14f800 JavaThread "BoneCP-keep-alive-scheduler" daemon [_thread_blocked, id=5920, stack(0x000000000c5f0000,0x000000000c6f0000)]
  0x000000000e155800 JavaThread "Thread-8" daemon [_thread_in_native, id=7048, stack(0x000000000cbf0000,0x000000000ccf0000)]
  0x000000000e151800 JavaThread "Ebean-default.0" daemon [_thread_blocked, id=3076, stack(0x000000000c4f0000,0x000000000c5f0000)]
  0x000000000e151000 JavaThread "Timer-0" [_thread_blocked, id=4360, stack(0x000000000f2c0000,0x000000000f3c0000)]
  0x000000000c0ec800 JavaThread "play-scheduler-1" [_thread_blocked, id=6532, stack(0x000000000dcf0000,0x000000000ddf0000)]
  0x000000000c0ea000 JavaThread "play-internal-execution-context-1" daemon [_thread_blocked, id=4528, stack(0x000000000d6f0000,0x000000000d7f0000)]
  0x000000000c0e8800 JavaThread "New I/O server boss #9" [_thread_in_native, id=5012, stack(0x000000000d5f0000,0x000000000d6f0000)]
  0x000000000c0e6800 JavaThread "New I/O worker #8" [_thread_in_native, id=5404, stack(0x000000000d4f0000,0x000000000d5f0000)]
  0x000000000c0e8000 JavaThread "New I/O worker #7" [_thread_in_native, id=5016, stack(0x000000000d3f0000,0x000000000d4f0000)]
  0x000000000c050000 JavaThread "New I/O worker #6" [_thread_blocked, id=6948, stack(0x000000000d2f0000,0x000000000d3f0000)]
  0x000000000bcdf000 JavaThread "New I/O worker #5" [_thread_in_native, id=5344, stack(0x000000000d1f0000,0x000000000d2f0000)]
  0x000000000bcdd000 JavaThread "New I/O worker #4" [_thread_in_native, id=5308, stack(0x000000000d0f0000,0x000000000d1f0000)]
  0x000000000bcdb800 JavaThread "New I/O worker #3" [_thread_in_native, id=6272, stack(0x000000000cff0000,0x000000000d0f0000)]
  0x000000000c01d800 JavaThread "New I/O worker #2" [_thread_in_native, id=6512, stack(0x000000000cef0000,0x000000000cff0000)]
  0x000000000bf11000 JavaThread "New I/O worker #1" [_thread_in_native, id=2396, stack(0x000000000cdf0000,0x000000000cef0000)]
  0x000000000a79f000 JavaThread "pool-4-thread-4" [_thread_in_native, id=6864, stack(0x000000000c7f0000,0x000000000c8f0000)]
  0x000000000b9b2000 JavaThread "JDWP Command Reader" daemon [_thread_in_native, id=3784, stack(0x000000000c9f0000,0x000000000caf0000)]
  0x00000000089de000 JavaThread "Service Thread" daemon [_thread_blocked, id=3964, stack(0x000000000a340000,0x000000000a440000)]
  0x00000000089dc800 JavaThread "C2 CompilerThread1" daemon [_thread_blocked, id=2568, stack(0x000000000a240000,0x000000000a340000)]
  0x00000000089d6800 JavaThread "C2 CompilerThread0" daemon [_thread_blocked, id=6548, stack(0x000000000a140000,0x000000000a240000)]
  0x00000000089ca000 JavaThread "JDWP Event Helper Thread" daemon [_thread_blocked, id=6236, stack(0x000000000a040000,0x000000000a140000)]
  0x00000000089ba000 JavaThread "JDWP Transport Listener: dt_socket" daemon [_thread_blocked, id=3852, stack(0x0000000009f40000,0x000000000a040000)]
  0x00000000089b3800 JavaThread "Attach Listener" daemon [_thread_blocked, id=3916, stack(0x0000000009e40000,0x0000000009f40000)]
  0x00000000089b0800 JavaThread "Signal Dispatcher" daemon [_thread_blocked, id=5652, stack(0x0000000009d40000,0x0000000009e40000)]
  0x000000000897e800 JavaThread "Finalizer" daemon [_thread_blocked, id=1480, stack(0x0000000009c40000,0x0000000009d40000)]
  0x0000000008973800 JavaThread "Reference Handler" daemon [_thread_blocked, id=5912, stack(0x0000000009b40000,0x0000000009c40000)]
  0x00000000022fe000 JavaThread "main" [_thread_blocked, id=3224, stack(0x0000000002300000,0x0000000002400000)]

Other Threads:
=>0x0000000008970800 VMThread [stack: 0x0000000009a40000,0x0000000009b40000] [id=3660]
  0x00000000089f2000 WatcherThread [stack: 0x000000000a440000,0x000000000a540000] [id=5764]

VM state:at safepoint (normal execution)

VM Mutex/Monitor currently owned by a thread:  ([mutex/lock_event])
[0x00000000022fccb0] Threads_lock - owner thread: 0x0000000008970800

Heap
 PSYoungGen      total 141824K, used 40752K [0x00000000eaa80000, 0x00000000f5800000, 0x0000000100000000)
  eden space 110080K, 34% used [0x00000000eaa80000,0x00000000ecfeb868,0x00000000f1600000)
  from space 31744K, 7% used [0x00000000f3900000,0x00000000f3b608f0,0x00000000f5800000)
  to   space 33792K, 0% used [0x00000000f1600000,0x00000000f1600000,0x00000000f3700000)
 ParOldGen       total 349696K, used 24744K [0x00000000c0000000, 0x00000000d5580000, 0x00000000eaa80000)
  object space 349696K, 7% used [0x00000000c0000000,0x00000000c182a010,0x00000000d5580000)
 PSPermGen       total 71168K, used 70806K [0x00000000b0000000, 0x00000000b4580000, 0x00000000c0000000)
  object space 71168K, 99% used [0x00000000b0000000,0x00000000b45259b0,0x00000000b4580000)

Card table byte_map: [0x00000000055c0000,0x0000000005850000] byte_map_base: 0x0000000005040000

Polling page: 0x00000000007d0000

Code Cache  [0x0000000002500000, 0x00000000028b0000, 0x0000000005500000)
 total_blobs=2171 nmethods=1714 adapters=415 free_code_cache=45500Kb largest_free_block=46509760

Compilation events (10 events):
Event: 481.170 Thread 0x00000000089d6800 1878   !         net.sf.ehcache.store.chm.SelectableConcurrentHashMap$Segment::put (502 bytes)
Event: 481.223 Thread 0x00000000089dc800 1879             org.h2.message.Trace::isEnabled (33 bytes)
Event: 481.227 Thread 0x00000000089dc800 nmethod 1879 0x000000000288cb50 code [0x000000000288cca0, 0x000000000288cd78]
Event: 481.271 Thread 0x00000000089dc800 1880             org.apache.poi.util.ShortField::<init> (41 bytes)
Event: 481.273 Thread 0x00000000089dc800 nmethod 1880 0x00000000028920d0 code [0x0000000002892200, 0x0000000002892278]
Event: 481.351 Thread 0x00000000089d6800 nmethod 1878 0x000000000289d410 code [0x000000000289d740, 0x000000000289fcf0]
Event: 481.410 Thread 0x00000000089dc800 1881             org.h2.result.Row::getValue (22 bytes)
Event: 481.414 Thread 0x00000000089dc800 nmethod 1881 0x0000000002893310 code [0x0000000002893460, 0x0000000002893548]
Event: 504.224 Thread 0x00000000089d6800 1882             utils.ExcelReaderUnemploymentCities::createObservationsBydate (81 bytes)
Event: 504.346 Thread 0x00000000089d6800 nmethod 1882 0x00000000028a2950 code [0x00000000028a2b80, 0x00000000028a3ff0]

GC Heap History (10 events):
Event: 369.768 GC heap before
{Heap before GC invocations=8 (full 0):
 PSYoungGen      total 147456K, used 147289K [0x00000000eaa80000, 0x00000000f5e80000, 0x0000000100000000)
  eden space 122880K, 100% used [0x00000000eaa80000,0x00000000f2280000,0x00000000f2280000)
  from space 24576K, 99% used [0x00000000f2580000,0x00000000f3d56698,0x00000000f3d80000)
  to   space 30720K, 0% used [0x00000000f4080000,0x00000000f4080000,0x00000000f5e80000)
 ParOldGen       total 349696K, used 10157K [0x00000000c0000000, 0x00000000d5580000, 0x00000000eaa80000)
  object space 349696K, 2% used [0x00000000c0000000,0x00000000c09eb5e0,0x00000000d5580000)
 PSPermGen       total 67584K, used 67394K [0x00000000b0000000, 0x00000000b4200000, 0x00000000c0000000)
  object space 67584K, 99% used [0x00000000b0000000,0x00000000b41d0830,0x00000000b4200000)
Event: 369.812 GC heap after
Heap after GC invocations=8 (full 0):
 PSYoungGen      total 150528K, used 7387K [0x00000000eaa80000, 0x00000000f5e00000, 0x0000000100000000)
  eden space 120320K, 0% used [0x00000000eaa80000,0x00000000eaa80000,0x00000000f2000000)
  from space 30208K, 24% used [0x00000000f4080000,0x00000000f47b6ca8,0x00000000f5e00000)
  to   space 31744K, 0% used [0x00000000f2000000,0x00000000f2000000,0x00000000f3f00000)
 ParOldGen       total 349696K, used 20504K [0x00000000c0000000, 0x00000000d5580000, 0x00000000eaa80000)
  object space 349696K, 5% used [0x00000000c0000000,0x00000000c1406180,0x00000000d5580000)
 PSPermGen       total 67584K, used 67394K [0x00000000b0000000, 0x00000000b4200000, 0x00000000c0000000)
  object space 67584K, 99% used [0x00000000b0000000,0x00000000b41d0830,0x00000000b4200000)
}
Event: 383.798 GC heap before
{Heap before GC invocations=9 (full 0):
 PSYoungGen      total 150528K, used 127707K [0x00000000eaa80000, 0x00000000f5e00000, 0x0000000100000000)
  eden space 120320K, 100% used [0x00000000eaa80000,0x00000000f2000000,0x00000000f2000000)
  from space 30208K, 24% used [0x00000000f4080000,0x00000000f47b6ca8,0x00000000f5e00000)
  to   space 31744K, 0% used [0x00000000f2000000,0x00000000f2000000,0x00000000f3f00000)
 ParOldGen       total 349696K, used 20504K [0x00000000c0000000, 0x00000000d5580000, 0x00000000eaa80000)
  object space 349696K, 5% used [0x00000000c0000000,0x00000000c1406180,0x00000000d5580000)
 PSPermGen       total 70144K, used 69800K [0x00000000b0000000, 0x00000000b4480000, 0x00000000c0000000)
  object space 70144K, 99% used [0x00000000b0000000,0x00000000b442a0c0,0x00000000b4480000)
Event: 383.845 GC heap after
Heap after GC invocations=9 (full 0):
 PSYoungGen      total 133632K, used 15365K [0x00000000eaa80000, 0x00000000f5a80000, 0x0000000100000000)
  eden space 117760K, 0% used [0x00000000eaa80000,0x00000000eaa80000,0x00000000f1d80000)
  from space 15872K, 96% used [0x00000000f2000000,0x00000000f2f014c8,0x00000000f2f80000)
  to   space 31232K, 0% used [0x00000000f3c00000,0x00000000f3c00000,0x00000000f5a80000)
 ParOldGen       total 349696K, used 21192K [0x00000000c0000000, 0x00000000d5580000, 0x00000000eaa80000)
  object space 349696K, 6% used [0x00000000c0000000,0x00000000c14b21b8,0x00000000d5580000)
 PSPermGen       total 70144K, used 69800K [0x00000000b0000000, 0x00000000b4480000, 0x00000000c0000000)
  object space 70144K, 99% used [0x00000000b0000000,0x00000000b442a0c0,0x00000000b4480000)
}
Event: 396.102 GC heap before
{Heap before GC invocations=10 (full 0):
 PSYoungGen      total 133632K, used 133125K [0x00000000eaa80000, 0x00000000f5a80000, 0x0000000100000000)
  eden space 117760K, 100% used [0x00000000eaa80000,0x00000000f1d80000,0x00000000f1d80000)
  from space 15872K, 96% used [0x00000000f2000000,0x00000000f2f014c8,0x00000000f2f80000)
  to   space 31232K, 0% used [0x00000000f3c00000,0x00000000f3c00000,0x00000000f5a80000)
 ParOldGen       total 349696K, used 21192K [0x00000000c0000000, 0x00000000d5580000, 0x00000000eaa80000)
  object space 349696K, 6% used [0x00000000c0000000,0x00000000c14b21b8,0x00000000d5580000)
 PSPermGen       total 70144K, used 69849K [0x00000000b0000000, 0x00000000b4480000, 0x00000000c0000000)
  object space 70144K, 99% used [0x00000000b0000000,0x00000000b44364a8,0x00000000b4480000)
Event: 396.125 GC heap after
Heap after GC invocations=10 (full 0):
 PSYoungGen      total 145920K, used 4640K [0x00000000eaa80000, 0x00000000f5a00000, 0x0000000100000000)
  eden space 115200K, 0% used [0x00000000eaa80000,0x00000000eaa80000,0x00000000f1b00000)
  from space 30720K, 15% used [0x00000000f3c00000,0x00000000f4088030,0x00000000f5a00000)
  to   space 32256K, 0% used [0x00000000f1b00000,0x00000000f1b00000,0x00000000f3a80000)
 ParOldGen       total 349696K, used 23882K [0x00000000c0000000, 0x00000000d5580000, 0x00000000eaa80000)
  object space 349696K, 6% used [0x00000000c0000000,0x00000000c1752b60,0x00000000d5580000)
 PSPermGen       total 70144K, used 69849K [0x00000000b0000000, 0x00000000b4480000, 0x00000000c0000000)
  object space 70144K, 99% used [0x00000000b0000000,0x00000000b44364a8,0x00000000b4480000)
}
Event: 405.927 GC heap before
{Heap before GC invocations=11 (full 0):
 PSYoungGen      total 145920K, used 119840K [0x00000000eaa80000, 0x00000000f5a00000, 0x0000000100000000)
  eden space 115200K, 100% used [0x00000000eaa80000,0x00000000f1b00000,0x00000000f1b00000)
  from space 30720K, 15% used [0x00000000f3c00000,0x00000000f4088030,0x00000000f5a00000)
  to   space 32256K, 0% used [0x00000000f1b00000,0x00000000f1b00000,0x00000000f3a80000)
 ParOldGen       total 349696K, used 23882K [0x00000000c0000000, 0x00000000d5580000, 0x00000000eaa80000)
  object space 349696K, 6% used [0x00000000c0000000,0x00000000c1752b60,0x00000000d5580000)
 PSPermGen       total 70656K, used 70450K [0x00000000b0000000, 0x00000000b4500000, 0x00000000c0000000)
  object space 70656K, 99% used [0x00000000b0000000,0x00000000b44cc930,0x00000000b4500000)
Event: 405.938 GC heap after
Heap after GC invocations=11 (full 0):
 PSYoungGen      total 114176K, used 1084K [0x00000000eaa80000, 0x00000000f5980000, 0x0000000100000000)
  eden space 112640K, 0% used [0x00000000eaa80000,0x00000000eaa80000,0x00000000f1880000)
  from space 1536K, 70% used [0x00000000f1b00000,0x00000000f1c0f360,0x00000000f1c80000)
  to   space 33280K, 0% used [0x00000000f3900000,0x00000000f3900000,0x00000000f5980000)
 ParOldGen       total 349696K, used 24314K [0x00000000c0000000, 0x00000000d5580000, 0x00000000eaa80000)
  object space 349696K, 6% used [0x00000000c0000000,0x00000000c17beb60,0x00000000d5580000)
 PSPermGen       total 70656K, used 70450K [0x00000000b0000000, 0x00000000b4500000, 0x00000000c0000000)
  object space 70656K, 99% used [0x00000000b0000000,0x00000000b44cc930,0x00000000b4500000)
}
Event: 480.914 GC heap before
{Heap before GC invocations=12 (full 0):
 PSYoungGen      total 114176K, used 113724K [0x00000000eaa80000, 0x00000000f5980000, 0x0000000100000000)
  eden space 112640K, 100% used [0x00000000eaa80000,0x00000000f1880000,0x00000000f1880000)
  from space 1536K, 70% used [0x00000000f1b00000,0x00000000f1c0f360,0x00000000f1c80000)
  to   space 33280K, 0% used [0x00000000f3900000,0x00000000f3900000,0x00000000f5980000)
 ParOldGen       total 349696K, used 24314K [0x00000000c0000000, 0x00000000d5580000, 0x00000000eaa80000)
  object space 349696K, 6% used [0x00000000c0000000,0x00000000c17beb60,0x00000000d5580000)
 PSPermGen       total 71168K, used 70675K [0x00000000b0000000, 0x00000000b4580000, 0x00000000c0000000)
  object space 71168K, 99% used [0x00000000b0000000,0x00000000b4504c40,0x00000000b4580000)
Event: 480.928 GC heap after
Heap after GC invocations=12 (full 0):
 PSYoungGen      total 141824K, used 2434K [0x00000000eaa80000, 0x00000000f5800000, 0x0000000100000000)
  eden space 110080K, 0% used [0x00000000eaa80000,0x00000000eaa80000,0x00000000f1600000)
  from space 31744K, 7% used [0x00000000f3900000,0x00000000f3b608f0,0x00000000f5800000)
  to   space 33792K, 0% used [0x00000000f1600000,0x00000000f1600000,0x00000000f3700000)
 ParOldGen       total 349696K, used 24744K [0x00000000c0000000, 0x00000000d5580000, 0x00000000eaa80000)
  object space 349696K, 7% used [0x00000000c0000000,0x00000000c182a010,0x00000000d5580000)
 PSPermGen       total 71168K, used 70675K [0x00000000b0000000, 0x00000000b4580000, 0x00000000c0000000)
  object space 71168K, 99% used [0x00000000b0000000,0x00000000b4504c40,0x00000000b4580000)
}

Deoptimization events (10 events):
Event: 481.485 Thread 0x000000000c0ea000 Uncommon trap: reason=unhandled action=none pc=0x00000000025804d0 method=java.net.URLClassLoader$1.run()Ljava/lang/Class; @ 72
Event: 481.485 Thread 0x000000000c0ea000 Uncommon trap: reason=unhandled action=none pc=0x00000000025804d0 method=java.net.URLClassLoader$1.run()Ljava/lang/Class; @ 72
Event: 481.486 Thread 0x000000000c0ea000 Uncommon trap: reason=unhandled action=none pc=0x00000000025804d0 method=java.net.URLClassLoader$1.run()Ljava/lang/Class; @ 72
Event: 481.487 Thread 0x000000000c0ea000 Uncommon trap: reason=unhandled action=none pc=0x00000000025804d0 method=java.net.URLClassLoader$1.run()Ljava/lang/Class; @ 72
Event: 481.487 Thread 0x000000000c0ea000 Uncommon trap: reason=unhandled action=none pc=0x00000000025804d0 method=java.net.URLClassLoader$1.run()Ljava/lang/Class; @ 72
Event: 481.489 Thread 0x000000000c0ea000 Uncommon trap: reason=unhandled action=none pc=0x00000000025804d0 method=java.net.URLClassLoader$1.run()Ljava/lang/Class; @ 72
Event: 481.489 Thread 0x000000000c0ea000 Uncommon trap: reason=unhandled action=none pc=0x00000000025804d0 method=java.net.URLClassLoader$1.run()Ljava/lang/Class; @ 72
Event: 481.490 Thread 0x000000000c0ea000 Uncommon trap: reason=unhandled action=none pc=0x00000000025804d0 method=java.net.URLClassLoader$1.run()Ljava/lang/Class; @ 72
Event: 481.490 Thread 0x000000000c0ea000 Uncommon trap: reason=unhandled action=none pc=0x00000000025804d0 method=java.net.URLClassLoader$1.run()Ljava/lang/Class; @ 72
Event: 481.491 Thread 0x000000000c0ea000 Uncommon trap: reason=unhandled action=none pc=0x00000000025804d0 method=java.net.URLClassLoader$1.run()Ljava/lang/Class; @ 72

Internal exceptions (10 events):
Event: 481.485 Thread 0x000000000c0ea000 Threw 0x00000000eca29698 at C:\jdk7u2_64p\jdk7u40\hotspot\src\share\vm\prims\jvm.cpp:1244
Event: 481.485 Thread 0x000000000c0ea000 Threw 0x00000000eca2d588 at C:\jdk7u2_64p\jdk7u40\hotspot\src\share\vm\prims\jvm.cpp:1244
Event: 481.486 Thread 0x000000000c0ea000 Threw 0x00000000eca2dcd8 at C:\jdk7u2_64p\jdk7u40\hotspot\src\share\vm\prims\jvm.cpp:1244
Event: 481.487 Thread 0x000000000c0ea000 Threw 0x00000000eca32750 at C:\jdk7u2_64p\jdk7u40\hotspot\src\share\vm\prims\jvm.cpp:1244
Event: 481.487 Thread 0x000000000c0ea000 Threw 0x00000000eca32f18 at C:\jdk7u2_64p\jdk7u40\hotspot\src\share\vm\prims\jvm.cpp:1244
Event: 481.489 Thread 0x000000000c0ea000 Threw 0x00000000eca37990 at C:\jdk7u2_64p\jdk7u40\hotspot\src\share\vm\prims\jvm.cpp:1244
Event: 481.489 Thread 0x000000000c0ea000 Threw 0x00000000eca380c8 at C:\jdk7u2_64p\jdk7u40\hotspot\src\share\vm\prims\jvm.cpp:1244
Event: 481.490 Thread 0x000000000c0ea000 Threw 0x00000000eca41170 at C:\jdk7u2_64p\jdk7u40\hotspot\src\share\vm\prims\jvm.cpp:1244
Event: 481.490 Thread 0x000000000c0ea000 Threw 0x00000000eca41918 at C:\jdk7u2_64p\jdk7u40\hotspot\src\share\vm\prims\jvm.cpp:1244
Event: 481.491 Thread 0x000000000c0ea000 Threw 0x00000000eca4a9c0 at C:\jdk7u2_64p\jdk7u40\hotspot\src\share\vm\prims\jvm.cpp:1244

Events (10 events):
Event: 550.909 Executing VM operation: ChangeBreakpoints done
Event: 550.918 Executing VM operation: EnterInterpOnlyMode
Event: 550.919 Executing VM operation: EnterInterpOnlyMode done
Event: 550.919 Executing VM operation: GetCurrentLocation
Event: 550.919 Executing VM operation: GetCurrentLocation done
Event: 550.919 Executing VM operation: ChangeSingleStep
Event: 550.919 Executing VM operation: ChangeSingleStep done
Event: 550.920 Executing VM operation: ChangeSingleStep
Event: 550.920 Executing VM operation: ChangeSingleStep done
Event: 551.323 Executing VM operation: GetOrSetLocal


Dynamic libraries:
0x00007ff7bcdf0000 - 0x00007ff7bce23000 	C:\Program Files\Java\jdk1.7.0_40\bin\java.exe
0x00007ffbce880000 - 0x00007ffbcea2a000 	C:\WINDOWS\SYSTEM32\ntdll.dll
0x00007ffbce680000 - 0x00007ffbce7ba000 	C:\WINDOWS\system32\KERNEL32.DLL
0x00007ffbcbd10000 - 0x00007ffbcbe1f000 	C:\WINDOWS\system32\KERNELBASE.dll
0x00007ffbca820000 - 0x00007ffbca8a8000 	C:\WINDOWS\system32\apphelp.dll
0x00007ffbc26a0000 - 0x00007ffbc26ef000 	C:\WINDOWS\AppPatch\AppPatch64\AcGenral.DLL
0x00007ffbcdfa0000 - 0x00007ffbce047000 	C:\WINDOWS\system32\msvcrt.dll
0x00007ffbcbaa0000 - 0x00007ffbcbacb000 	C:\WINDOWS\SYSTEM32\SspiCli.dll
0x00007ffbcdc70000 - 0x00007ffbcdcc1000 	C:\WINDOWS\system32\SHLWAPI.dll
0x00007ffbcd8a0000 - 0x00007ffbcda11000 	C:\WINDOWS\system32\USER32.dll
0x00007ffbcd720000 - 0x00007ffbcd898000 	C:\WINDOWS\system32\ole32.dll
0x00007ffbcc100000 - 0x00007ffbcd516000 	C:\WINDOWS\system32\SHELL32.dll
0x00007ffbcb280000 - 0x00007ffbcb29e000 	C:\WINDOWS\SYSTEM32\USERENV.dll
0x00007ffbcdd40000 - 0x00007ffbcdde5000 	C:\WINDOWS\system32\ADVAPI32.dll
0x00007ffbbe8f0000 - 0x00007ffbbe90b000 	C:\WINDOWS\SYSTEM32\MPR.dll
0x00007ffbcd520000 - 0x00007ffbcd656000 	C:\WINDOWS\system32\RPCRT4.dll
0x00007ffbce7c0000 - 0x00007ffbce817000 	C:\WINDOWS\SYSTEM32\sechost.dll
0x00007ffbcda20000 - 0x00007ffbcdbf6000 	C:\WINDOWS\SYSTEM32\combase.dll
0x00007ffbce530000 - 0x00007ffbce675000 	C:\WINDOWS\system32\GDI32.dll
0x00007ffbcbbf0000 - 0x00007ffbcbc04000 	C:\WINDOWS\SYSTEM32\profapi.dll
0x00007ffbca040000 - 0x00007ffbca0df000 	C:\WINDOWS\SYSTEM32\SHCORE.dll
0x00007ffbce4d0000 - 0x00007ffbce504000 	C:\WINDOWS\system32\IMM32.DLL
0x00007ffbce390000 - 0x00007ffbce4c9000 	C:\WINDOWS\system32\MSCTF.dll
0x00007ffbc8a80000 - 0x00007ffbc8cda000 	C:\WINDOWS\WinSxS\amd64_microsoft.windows.common-controls_6595b64144ccf1df_6.0.9600.17031_none_6242a4b3ecbb55a1\COMCTL32.dll
0x000000005de30000 - 0x000000005df01000 	C:\Program Files\Java\jdk1.7.0_40\jre\bin\msvcr100.dll
0x000000005dfb0000 - 0x000000005e779000 	C:\Program Files\Java\jdk1.7.0_40\jre\bin\server\jvm.dll
0x00007ffbc5020000 - 0x00007ffbc5029000 	C:\WINDOWS\SYSTEM32\WSOCK32.dll
0x00007ffbc5be0000 - 0x00007ffbc5bff000 	C:\WINDOWS\SYSTEM32\WINMM.dll
0x00007ffbcddf0000 - 0x00007ffbcddf7000 	C:\WINDOWS\system32\PSAPI.DLL
0x00007ffbcdce0000 - 0x00007ffbcdd38000 	C:\WINDOWS\system32\WS2_32.dll
0x00007ffbc5bb0000 - 0x00007ffbc5bda000 	C:\WINDOWS\SYSTEM32\WINMMBASE.dll
0x00007ffbce380000 - 0x00007ffbce389000 	C:\WINDOWS\system32\NSI.dll
0x00007ffbcbcc0000 - 0x00007ffbcbd0a000 	C:\WINDOWS\SYSTEM32\cfgmgr32.dll
0x00007ffbcaa90000 - 0x00007ffbcaab6000 	C:\WINDOWS\SYSTEM32\DEVOBJ.dll
0x000000005dfa0000 - 0x000000005dfaf000 	C:\Program Files\Java\jdk1.7.0_40\jre\bin\verify.dll
0x000000005df70000 - 0x000000005df98000 	C:\Program Files\Java\jdk1.7.0_40\jre\bin\java.dll
0x000000005ddf0000 - 0x000000005de25000 	C:\Program Files\Java\jdk1.7.0_40\jre\bin\jdwp.dll
0x000000005dde0000 - 0x000000005dde8000 	C:\Program Files\Java\jdk1.7.0_40\jre\bin\npt.dll
0x000000005df50000 - 0x000000005df65000 	C:\Program Files\Java\jdk1.7.0_40\jre\bin\zip.dll
0x000000005ddd0000 - 0x000000005ddd9000 	C:\Program Files\Java\jdk1.7.0_40\jre\bin\dt_socket.dll
0x00007ffbcb520000 - 0x00007ffbcb578000 	C:\WINDOWS\system32\mswsock.dll
0x000000005df30000 - 0x000000005df49000 	C:\Program Files\Java\jdk1.7.0_40\jre\bin\net.dll
0x000000005df10000 - 0x000000005df21000 	C:\Program Files\Java\jdk1.7.0_40\jre\bin\nio.dll
0x00007ffbcb580000 - 0x00007ffbcb59e000 	C:\WINDOWS\SYSTEM32\CRYPTSP.dll
0x00007ffbcb170000 - 0x00007ffbcb1a5000 	C:\WINDOWS\system32\rsaenh.dll
0x00007ffbcb7b0000 - 0x00007ffbcb7d6000 	C:\WINDOWS\SYSTEM32\bcrypt.dll
0x00007ffbcbad0000 - 0x00007ffbcbb30000 	C:\WINDOWS\system32\bcryptprimitives.dll
0x00007ffbcbb30000 - 0x00007ffbcbb3a000 	C:\WINDOWS\SYSTEM32\CRYPTBASE.dll
0x00007ffbc15e0000 - 0x00007ffbc15f4000 	C:\WINDOWS\system32\napinsp.dll
0x00007ffbc1600000 - 0x00007ffbc1619000 	C:\WINDOWS\system32\pnrpnsp.dll
0x00007ffbc7940000 - 0x00007ffbc7959000 	C:\WINDOWS\system32\NLAapi.dll
0x00007ffbcb330000 - 0x00007ffbcb3d3000 	C:\WINDOWS\SYSTEM32\DNSAPI.dll
0x00007ffbc2140000 - 0x00007ffbc214c000 	C:\WINDOWS\System32\winrnr.dll
0x00007ffbc2150000 - 0x00007ffbc2163000 	C:\WINDOWS\system32\wshbth.dll
0x00007ffbc3810000 - 0x00007ffbc3819000 	C:\Windows\System32\rasadhlp.dll
0x00007ffbc6bc0000 - 0x00007ffbc6be9000 	C:\WINDOWS\SYSTEM32\IPHLPAPI.DLL
0x00007ffbc6b90000 - 0x00007ffbc6b9a000 	C:\WINDOWS\SYSTEM32\WINNSI.DLL
0x00007ffbc67a0000 - 0x00007ffbc6808000 	C:\WINDOWS\System32\fwpuclnt.dll
0x00007ffbc76b0000 - 0x00007ffbc76ba000 	C:\Users\LuisAngel\AppData\Local\Temp\jansi-64-1-4645250967660903520.11
0x0000000067540000 - 0x000000006764f000 	C:\Users\LuisAngel\git\ObservaParo\ObservaParo\target\native_libraries\64bits\jnotify_64bit.dll
0x000000005dd10000 - 0x000000005dd1b000 	C:\Program Files\Java\jdk1.7.0_40\jre\bin\management.dll
0x00007ffbbd350000 - 0x00007ffbbd4d8000 	C:\WINDOWS\SYSTEM32\dbghelp.dll

VM Arguments:
jvm_args: -Xms512M -Xmx1024M -Xss1M -XX:+CMSClassUnloadingEnabled -XX:MaxPermSize=256M -Xrunjdwp:transport=dt_socket,server=y,suspend=n,address=9999 -Dfile.encoding=UTF-8 -Dinput.encoding=Cp1252 -Dplay.version=2.2.2 -Dsbt.ivy.home=C:\play-2.2.2\framework\..\repository -Dplay.home=C:\play-2.2.2\framework\. -Dsbt.boot.properties=file:///C:/play-2.2.2/framework/sbt/sbt.boot.properties -Dsbt.scala.version=2.10.3 
java_command: C:\play-2.2.2\framework\sbt\sbt-launch.jar run
Launcher Type: SUN_STANDARD

Environment Variables:
PATH=C:\Program Files (x86)\Parallels\Parallels Tools\Applications;C:\Program Files\Java\jdk1.7.0_40\bin;C:\WINDOWS\system32;C:\WINDOWS;C:\WINDOWS\System32\Wbem;C:\WINDOWS\System32\WindowsPowerShell\v1.0\;C:\Users\LuisAngel\AppData\Local\Smartbar\Application\;C:\Users\LuisAngel\AppData\Local\Smartbar\Application\;C:\play-2.2.2;C:\Program Files (x86)\Java\jdk1.7.0_40
USERNAME=LuisAngel
OS=Windows_NT
PROCESSOR_IDENTIFIER=Intel64 Family 6 Model 58 Stepping 9, GenuineIntel



---------------  S Y S T E M  ---------------

OS: Windows 8 , 64 bit Build 9200 

CPU:total 4 (2 cores per cpu, 2 threads per core) family 6 model 58 stepping 9, cmov, cx8, fxsr, mmx, sse, sse2, sse3, ssse3, sse4.1, sse4.2, popcnt, avx, aes, erms, ht, tsc, tscinvbit, tscinv

Memory: 4k page, physical 8293056k(4829100k free), swap 9603776k(5552520k free)

vm_info: Java HotSpot(TM) 64-Bit Server VM (24.0-b56) for windows-amd64 JRE (1.7.0_40-b43), built on Aug 26 2013 22:38:32 by "java_re" with unknown MS VC++:1600

time: Wed Jun 04 23:36:18 2014
elapsed time: 551 seconds

